<?xml version="1.0" encoding="UTF-8"?>
<coverage generated="1772780784209" clover="3.2.0">
  <project timestamp="1772780784209" name="All files">
    <metrics statements="145" coveredstatements="144" conditionals="64" coveredconditionals="56" methods="23" coveredmethods="23" elements="232" coveredelements="223" complexity="0" loc="145" ncloc="145" packages="1" files="3" classes="3"/>
    <file name="Interactions.js" path="/Users/abeyahc/github/CSC308/backend/models/Interactions.js">
      <metrics statements="37" coveredstatements="37" conditionals="4" coveredconditionals="4" methods="5" coveredmethods="5"/>
      <line num="4" count="2" type="stmt"/>
      <line num="6" count="4" type="stmt"/>
      <line num="16" count="4" type="stmt"/>
      <line num="17" count="4" type="stmt"/>
      <line num="18" count="4" type="stmt"/>
      <line num="19" count="3" type="stmt"/>
      <line num="34" count="3" type="stmt"/>
      <line num="35" count="3" type="stmt"/>
      <line num="37" count="3" type="stmt"/>
      <line num="46" count="1" type="stmt"/>
      <line num="47" count="1" type="stmt"/>
      <line num="52" count="3" type="stmt"/>
      <line num="62" count="3" type="stmt"/>
      <line num="63" count="3" type="stmt"/>
      <line num="64" count="3" type="stmt"/>
      <line num="65" count="2" type="stmt"/>
      <line num="71" count="1" type="stmt"/>
      <line num="72" count="1" type="stmt"/>
      <line num="77" count="3" type="stmt"/>
      <line num="87" count="3" type="stmt"/>
      <line num="88" count="3" type="stmt"/>
      <line num="89" count="3" type="stmt"/>
      <line num="90" count="2" type="stmt"/>
      <line num="96" count="1" type="stmt"/>
      <line num="97" count="1" type="stmt"/>
      <line num="102" count="7" type="stmt"/>
      <line num="113" count="7" type="stmt"/>
      <line num="114" count="7" type="stmt"/>
      <line num="119" count="6" type="stmt"/>
      <line num="125" count="1" type="stmt"/>
      <line num="126" count="1" type="stmt"/>
      <line num="131" count="4" type="stmt"/>
      <line num="161" count="4" type="stmt"/>
      <line num="162" count="4" type="stmt"/>
      <line num="163" count="3" type="stmt"/>
      <line num="165" count="1" type="stmt"/>
      <line num="166" count="1" type="stmt"/>
    </file>
    <file name="Profile.js" path="/Users/abeyahc/github/CSC308/backend/models/Profile.js">
      <metrics statements="54" coveredstatements="54" conditionals="17" coveredconditionals="17" methods="12" coveredmethods="12"/>
      <line num="4" count="2" type="stmt"/>
      <line num="22" count="2" type="stmt"/>
      <line num="36" count="11" type="stmt"/>
      <line num="38" count="11" type="cond" truecount="4" falsecount="0"/>
      <line num="39" count="1" type="stmt"/>
      <line num="42" count="11" type="cond" truecount="4" falsecount="0"/>
      <line num="43" count="1" type="stmt"/>
      <line num="46" count="11" type="stmt"/>
      <line num="47" count="11" type="stmt"/>
      <line num="48" count="11" type="stmt"/>
      <line num="51" count="2" type="stmt"/>
      <line num="53" count="2" type="stmt"/>
      <line num="58" count="2" type="stmt"/>
      <line num="59" count="2" type="stmt"/>
      <line num="63" count="2" type="stmt"/>
      <line num="68" count="2" type="stmt"/>
      <line num="69" count="2" type="stmt"/>
      <line num="70" count="2" type="stmt"/>
      <line num="75" count="3" type="stmt"/>
      <line num="83" count="3" type="stmt"/>
      <line num="97" count="3" type="stmt"/>
      <line num="98" count="3" type="stmt"/>
      <line num="99" count="2" type="stmt"/>
      <line num="101" count="1" type="stmt"/>
      <line num="102" count="1" type="stmt"/>
      <line num="107" count="11" type="stmt"/>
      <line num="108" count="11" type="stmt"/>
      <line num="109" count="9" type="stmt"/>
      <line num="111" count="11" type="cond" truecount="2" falsecount="0"/>
      <line num="113" count="9" type="stmt"/>
      <line num="114" count="9" type="stmt"/>
      <line num="116" count="9" type="stmt"/>
      <line num="117" count="9" type="stmt"/>
      <line num="124" count="9" type="stmt"/>
      <line num="125" count="9" type="stmt"/>
      <line num="126" count="8" type="cond" truecount="2" falsecount="0"/>
      <line num="128" count="1" type="stmt"/>
      <line num="129" count="1" type="stmt"/>
      <line num="134" count="5" type="stmt"/>
      <line num="137" count="5" type="stmt"/>
      <line num="138" count="5" type="stmt"/>
      <line num="139" count="4" type="cond" truecount="2" falsecount="0"/>
      <line num="141" count="1" type="stmt"/>
      <line num="142" count="1" type="stmt"/>
      <line num="148" count="2" type="stmt"/>
      <line num="152" count="2" type="stmt"/>
      <line num="161" count="2" type="stmt"/>
      <line num="162" count="2" type="stmt"/>
      <line num="166" count="2" type="stmt"/>
      <line num="169" count="2" type="stmt"/>
      <line num="171" count="2" type="stmt"/>
      <line num="175" count="2" type="stmt"/>
      <line num="176" count="2" type="stmt"/>
      <line num="180" count="3" type="stmt"/>
    </file>
    <file name="media.js" path="/Users/abeyahc/github/CSC308/backend/models/media.js">
      <metrics statements="54" coveredstatements="53" conditionals="43" coveredconditionals="35" methods="6" coveredmethods="6"/>
      <line num="11" count="90" type="stmt"/>
      <line num="12" count="90" type="cond" truecount="4" falsecount="0"/>
      <line num="13" count="2" type="stmt"/>
      <line num="14" count="88" type="stmt"/>
      <line num="18" count="19" type="stmt"/>
      <line num="19" count="19" type="stmt"/>
      <line num="20" count="19" type="stmt"/>
      <line num="22" count="19" type="stmt"/>
      <line num="24" count="19" type="cond" truecount="2" falsecount="2"/>
      <line num="28" count="19" type="cond" truecount="1" falsecount="1"/>
      <line num="32" count="19" type="stmt"/>
      <line num="35" count="1" type="stmt"/>
      <line num="60" count="12" type="stmt"/>
      <line num="69" count="12" type="cond" truecount="1" falsecount="1"/>
      <line num="73" count="10" type="cond" truecount="2" falsecount="0"/>
      <line num="74" count="10" type="cond" truecount="2" falsecount="0"/>
      <line num="75" count="8" type="cond" truecount="4" falsecount="0"/>
      <line num="77" count="1" type="stmt"/>
      <line num="78" count="1" type="stmt"/>
      <line num="79" count="1" type="cond" truecount="1" falsecount="1"/>
      <line num="80" count="1" type="stmt"/>
      <line num="82" count="0" type="stmt"/>
      <line num="87" count="18" type="stmt"/>
      <line num="88" count="18" type="stmt"/>
      <line num="90" count="18" type="stmt"/>
      <line num="91" count="18" type="cond" truecount="2" falsecount="0"/>
      <line num="92" count="17" type="cond" truecount="2" falsecount="0"/>
      <line num="93" count="1" type="stmt"/>
      <line num="94" count="16" type="cond" truecount="2" falsecount="0"/>
      <line num="95" count="2" type="stmt"/>
      <line num="96" count="14" type="cond" truecount="2" falsecount="0"/>
      <line num="98" count="13" type="stmt"/>
      <line num="99" count="12" type="stmt"/>
      <line num="101" count="12" type="stmt"/>
      <line num="103" count="12" type="stmt"/>
      <line num="105" count="12" type="stmt"/>
      <line num="111" count="12" type="stmt"/>
      <line num="113" count="11" type="stmt"/>
      <line num="115" count="11" type="stmt"/>
      <line num="117" count="2" type="stmt"/>
      <line num="118" count="2" type="stmt"/>
      <line num="126" count="10" type="stmt"/>
      <line num="127" count="10" type="cond" truecount="1" falsecount="1"/>
      <line num="128" count="10" type="cond" truecount="2" falsecount="0"/>
      <line num="129" count="10" type="cond" truecount="2" falsecount="0"/>
      <line num="130" count="2" type="stmt"/>
      <line num="132" count="8" type="stmt"/>
      <line num="133" count="7" type="stmt"/>
      <line num="134" count="7" type="stmt"/>
      <line num="139" count="7" type="cond" truecount="2" falsecount="0"/>
      <line num="140" count="7" type="stmt"/>
      <line num="144" count="6" type="stmt"/>
      <line num="146" count="2" type="stmt"/>
      <line num="147" count="2" type="stmt"/>
    </file>
  </project>
</coverage>
