{
  "C:\\Users\\talia\\csc308-project\\CSC308\\backend\\models\\Interactions.js": {
    "path": "C:\\Users\\talia\\csc308-project\\CSC308\\backend\\models\\Interactions.js",
    "statementMap": {
      "0": {
        "start": { "line": 4, "column": 33 },
        "end": { "line": 52, "column": 1 }
      },
      "1": {
        "start": { "line": 6, "column": 18 },
        "end": { "line": 9, "column": 5 }
      },
      "2": {
        "start": { "line": 11, "column": 19 },
        "end": { "line": 11, "column": 45 }
      },
      "3": {
        "start": { "line": 12, "column": 4 },
        "end": { "line": 18, "column": 5 }
      },
      "4": {
        "start": { "line": 13, "column": 8 },
        "end": { "line": 13, "column": 40 }
      },
      "5": {
        "start": { "line": 14, "column": 8 },
        "end": { "line": 14, "column": 76 }
      },
      "6": {
        "start": { "line": 16, "column": 8 },
        "end": { "line": 16, "column": 51 }
      },
      "7": {
        "start": { "line": 17, "column": 8 },
        "end": { "line": 17, "column": 20 }
      },
      "8": {
        "start": { "line": 22, "column": 18 },
        "end": { "line": 25, "column": 5 }
      },
      "9": {
        "start": { "line": 27, "column": 19 },
        "end": { "line": 27, "column": 45 }
      },
      "10": {
        "start": { "line": 28, "column": 4 },
        "end": { "line": 34, "column": 5 }
      },
      "11": {
        "start": { "line": 29, "column": 8 },
        "end": { "line": 29, "column": 40 }
      },
      "12": {
        "start": { "line": 30, "column": 8 },
        "end": { "line": 30, "column": 79 }
      },
      "13": {
        "start": { "line": 32, "column": 8 },
        "end": { "line": 32, "column": 51 }
      },
      "14": {
        "start": { "line": 33, "column": 8 },
        "end": { "line": 33, "column": 20 }
      },
      "15": {
        "start": { "line": 38, "column": 18 },
        "end": { "line": 41, "column": 5 }
      },
      "16": {
        "start": { "line": 43, "column": 19 },
        "end": { "line": 43, "column": 45 }
      },
      "17": {
        "start": { "line": 44, "column": 4 },
        "end": { "line": 50, "column": 5 }
      },
      "18": {
        "start": { "line": 45, "column": 8 },
        "end": { "line": 45, "column": 40 }
      },
      "19": {
        "start": { "line": 46, "column": 8 },
        "end": { "line": 46, "column": 78 }
      },
      "20": {
        "start": { "line": 48, "column": 8 },
        "end": { "line": 48, "column": 51 }
      },
      "21": {
        "start": { "line": 49, "column": 8 },
        "end": { "line": 49, "column": 20 }
      }
    },
    "fnMap": {
      "0": {
        "name": "(anonymous_0)",
        "decl": {
          "start": { "line": 5, "column": 2 },
          "end": { "line": 5, "column": 3 }
        },
        "loc": {
          "start": { "line": 5, "column": 43 },
          "end": { "line": 19, "column": 3 }
        },
        "line": 5
      },
      "1": {
        "name": "(anonymous_1)",
        "decl": {
          "start": { "line": 21, "column": 4 },
          "end": { "line": 21, "column": 5 }
        },
        "loc": {
          "start": { "line": 21, "column": 48 },
          "end": { "line": 35, "column": 3 }
        },
        "line": 21
      },
      "2": {
        "name": "(anonymous_2)",
        "decl": {
          "start": { "line": 37, "column": 4 },
          "end": { "line": 37, "column": 5 }
        },
        "loc": {
          "start": { "line": 37, "column": 46 },
          "end": { "line": 51, "column": 3 }
        },
        "line": 37
      }
    },
    "branchMap": {},
    "s": {
      "0": 1,
      "1": 2,
      "2": 2,
      "3": 2,
      "4": 2,
      "5": 1,
      "6": 1,
      "7": 1,
      "8": 2,
      "9": 2,
      "10": 2,
      "11": 2,
      "12": 1,
      "13": 1,
      "14": 1,
      "15": 2,
      "16": 2,
      "17": 2,
      "18": 2,
      "19": 1,
      "20": 1,
      "21": 1
    },
    "f": { "0": 2, "1": 2, "2": 2 },
    "b": {},
    "_coverageSchema": "1a1c01bbd47fc00a2c39e90264f33305004495a9",
    "hash": "d9e47e3a6f4cbb1f0d46b9a284021299526eb382"
  },
  "C:\\Users\\talia\\csc308-project\\CSC308\\backend\\models\\Profile.js": {
    "path": "C:\\Users\\talia\\csc308-project\\CSC308\\backend\\models\\Profile.js",
    "statementMap": {
      "0": {
        "start": { "line": 4, "column": 28 },
        "end": { "line": 86, "column": 1 }
      },
      "1": {
        "start": { "line": 6, "column": 18 },
        "end": { "line": 8, "column": 5 }
      },
      "2": {
        "start": { "line": 9, "column": 21 },
        "end": { "line": 9, "column": 44 }
      },
      "3": {
        "start": { "line": 10, "column": 4 },
        "end": { "line": 10, "column": 16 }
      },
      "4": {
        "start": { "line": 14, "column": 18 },
        "end": { "line": 16, "column": 5 }
      },
      "5": {
        "start": { "line": 17, "column": 19 },
        "end": { "line": 17, "column": 29 }
      },
      "6": {
        "start": { "line": 18, "column": 21 },
        "end": { "line": 18, "column": 52 }
      },
      "7": {
        "start": { "line": 19, "column": 4 },
        "end": { "line": 19, "column": 19 }
      },
      "8": {
        "start": { "line": 24, "column": 18 },
        "end": { "line": 30, "column": 5 }
      },
      "9": {
        "start": { "line": 32, "column": 19 },
        "end": { "line": 44, "column": 5 }
      },
      "10": {
        "start": { "line": 46, "column": 4 },
        "end": { "line": 52, "column": 5 }
      },
      "11": {
        "start": { "line": 47, "column": 21 },
        "end": { "line": 47, "column": 52 }
      },
      "12": {
        "start": { "line": 48, "column": 6 },
        "end": { "line": 48, "column": 28 }
      },
      "13": {
        "start": { "line": 50, "column": 6 },
        "end": { "line": 50, "column": 59 }
      },
      "14": {
        "start": { "line": 51, "column": 6 },
        "end": { "line": 51, "column": 18 }
      },
      "15": {
        "start": { "line": 56, "column": 19 },
        "end": { "line": 56, "column": 42 }
      },
      "16": {
        "start": { "line": 57, "column": 4 },
        "end": { "line": 57, "column": 68 }
      },
      "17": {
        "start": { "line": 57, "column": 29 },
        "end": { "line": 57, "column": 68 }
      },
      "18": {
        "start": { "line": 58, "column": 22 },
        "end": { "line": 58, "column": 85 }
      },
      "19": {
        "start": { "line": 58, "column": 49 },
        "end": { "line": 58, "column": 73 }
      },
      "20": {
        "start": { "line": 59, "column": 19 },
        "end": { "line": 59, "column": 64 }
      },
      "21": {
        "start": { "line": 59, "column": 49 },
        "end": { "line": 59, "column": 62 }
      },
      "22": {
        "start": { "line": 60, "column": 18 },
        "end": { "line": 64, "column": 5 }
      },
      "23": {
        "start": { "line": 65, "column": 4 },
        "end": { "line": 71, "column": 5 }
      },
      "24": {
        "start": { "line": 66, "column": 21 },
        "end": { "line": 66, "column": 52 }
      },
      "25": {
        "start": { "line": 67, "column": 6 },
        "end": { "line": 67, "column": 38 }
      },
      "26": {
        "start": { "line": 69, "column": 6 },
        "end": { "line": 69, "column": 59 }
      },
      "27": {
        "start": { "line": 70, "column": 6 },
        "end": { "line": 70, "column": 18 }
      },
      "28": {
        "start": { "line": 75, "column": 18 },
        "end": { "line": 77, "column": 5 }
      },
      "29": {
        "start": { "line": 78, "column": 4 },
        "end": { "line": 84, "column": 5 }
      },
      "30": {
        "start": { "line": 79, "column": 21 },
        "end": { "line": 79, "column": 56 }
      },
      "31": {
        "start": { "line": 80, "column": 6 },
        "end": { "line": 80, "column": 28 }
      },
      "32": {
        "start": { "line": 82, "column": 6 },
        "end": { "line": 82, "column": 59 }
      },
      "33": {
        "start": { "line": 83, "column": 6 },
        "end": { "line": 83, "column": 18 }
      }
    },
    "fnMap": {
      "0": {
        "name": "(anonymous_0)",
        "decl": {
          "start": { "line": 5, "column": 2 },
          "end": { "line": 5, "column": 3 }
        },
        "loc": {
          "start": { "line": 5, "column": 20 },
          "end": { "line": 11, "column": 3 }
        },
        "line": 5
      },
      "1": {
        "name": "(anonymous_1)",
        "decl": {
          "start": { "line": 13, "column": 2 },
          "end": { "line": 13, "column": 3 }
        },
        "loc": {
          "start": { "line": 13, "column": 36 },
          "end": { "line": 20, "column": 3 }
        },
        "line": 13
      },
      "2": {
        "name": "(anonymous_2)",
        "decl": {
          "start": { "line": 22, "column": 2 },
          "end": { "line": 22, "column": 3 }
        },
        "loc": {
          "start": { "line": 22, "column": 32 },
          "end": { "line": 53, "column": 3 }
        },
        "line": 22
      },
      "3": {
        "name": "(anonymous_3)",
        "decl": {
          "start": { "line": 55, "column": 2 },
          "end": { "line": 55, "column": 3 }
        },
        "loc": {
          "start": { "line": 55, "column": 41 },
          "end": { "line": 72, "column": 3 }
        },
        "line": 55
      },
      "4": {
        "name": "(anonymous_4)",
        "decl": {
          "start": { "line": 58, "column": 33 },
          "end": { "line": 58, "column": 34 }
        },
        "loc": {
          "start": { "line": 58, "column": 49 },
          "end": { "line": 58, "column": 73 }
        },
        "line": 58
      },
      "5": {
        "name": "(anonymous_5)",
        "decl": {
          "start": { "line": 59, "column": 44 },
          "end": { "line": 59, "column": 45 }
        },
        "loc": {
          "start": { "line": 59, "column": 49 },
          "end": { "line": 59, "column": 62 }
        },
        "line": 59
      },
      "6": {
        "name": "(anonymous_6)",
        "decl": {
          "start": { "line": 74, "column": 2 },
          "end": { "line": 74, "column": 3 }
        },
        "loc": {
          "start": { "line": 74, "column": 29 },
          "end": { "line": 85, "column": 3 }
        },
        "line": 74
      }
    },
    "branchMap": {
      "0": {
        "loc": {
          "start": { "line": 57, "column": 4 },
          "end": { "line": 57, "column": 68 }
        },
        "type": "if",
        "locations": [
          {
            "start": { "line": 57, "column": 4 },
            "end": { "line": 57, "column": 68 }
          },
          { "start": {}, "end": {} }
        ],
        "line": 57
      }
    },
    "s": {
      "0": 1,
      "1": 1,
      "2": 1,
      "3": 1,
      "4": 1,
      "5": 1,
      "6": 1,
      "7": 1,
      "8": 2,
      "9": 2,
      "10": 2,
      "11": 2,
      "12": 1,
      "13": 1,
      "14": 1,
      "15": 3,
      "16": 3,
      "17": 1,
      "18": 2,
      "19": 2,
      "20": 2,
      "21": 2,
      "22": 2,
      "23": 2,
      "24": 2,
      "25": 1,
      "26": 1,
      "27": 1,
      "28": 2,
      "29": 2,
      "30": 2,
      "31": 1,
      "32": 1,
      "33": 1
    },
    "f": { "0": 1, "1": 1, "2": 2, "3": 3, "4": 2, "5": 2, "6": 2 },
    "b": { "0": [1, 2] },
    "_coverageSchema": "1a1c01bbd47fc00a2c39e90264f33305004495a9",
    "hash": "96ce379dc1feee08f3efe99385cd198bbcf4d0d8"
  }
}
