{"/Users/abeyahc/github/CSC308/backend/models/Interactions.js": {"path":"/Users/abeyahc/github/CSC308/backend/models/Interactions.js","statementMap":{"0":{"start":{"line":4,"column":33},"end":{"line":169,"column":1}},"1":{"start":{"line":6,"column":18},"end":{"line":14,"column":5}},"2":{"start":{"line":16,"column":19},"end":{"line":16,"column":45}},"3":{"start":{"line":17,"column":4},"end":{"line":48,"column":5}},"4":{"start":{"line":18,"column":21},"end":{"line":18,"column":52}},"5":{"start":{"line":19,"column":25},"end":{"line":33,"column":7}},"6":{"start":{"line":34,"column":26},"end":{"line":34,"column":62}},"7":{"start":{"line":35,"column":22},"end":{"line":35,"column":60}},"8":{"start":{"line":37,"column":6},"end":{"line":44,"column":8}},"9":{"start":{"line":46,"column":6},"end":{"line":46,"column":49}},"10":{"start":{"line":47,"column":6},"end":{"line":47,"column":18}},"11":{"start":{"line":52,"column":18},"end":{"line":60,"column":5}},"12":{"start":{"line":62,"column":19},"end":{"line":62,"column":45}},"13":{"start":{"line":63,"column":4},"end":{"line":73,"column":5}},"14":{"start":{"line":64,"column":21},"end":{"line":64,"column":52}},"15":{"start":{"line":65,"column":6},"end":{"line":69,"column":8}},"16":{"start":{"line":71,"column":6},"end":{"line":71,"column":52}},"17":{"start":{"line":72,"column":6},"end":{"line":72,"column":18}},"18":{"start":{"line":77,"column":18},"end":{"line":85,"column":5}},"19":{"start":{"line":87,"column":19},"end":{"line":87,"column":45}},"20":{"start":{"line":88,"column":4},"end":{"line":98,"column":5}},"21":{"start":{"line":89,"column":21},"end":{"line":89,"column":52}},"22":{"start":{"line":90,"column":6},"end":{"line":94,"column":8}},"23":{"start":{"line":96,"column":6},"end":{"line":96,"column":50}},"24":{"start":{"line":97,"column":6},"end":{"line":97,"column":18}},"25":{"start":{"line":102,"column":18},"end":{"line":111,"column":5}},"26":{"start":{"line":113,"column":4},"end":{"line":127,"column":5}},"27":{"start":{"line":114,"column":23},"end":{"line":118,"column":8}},"28":{"start":{"line":119,"column":6},"end":{"line":123,"column":8}},"29":{"start":{"line":125,"column":6},"end":{"line":125,"column":56}},"30":{"start":{"line":126,"column":6},"end":{"line":126,"column":18}},"31":{"start":{"line":131,"column":18},"end":{"line":159,"column":5}},"32":{"start":{"line":161,"column":4},"end":{"line":167,"column":5}},"33":{"start":{"line":162,"column":23},"end":{"line":162,"column":58}},"34":{"start":{"line":163,"column":6},"end":{"line":163,"column":18}},"35":{"start":{"line":165,"column":6},"end":{"line":165,"column":52}},"36":{"start":{"line":166,"column":6},"end":{"line":166,"column":18}}},"fnMap":{"0":{"name":"(anonymous_0)","decl":{"start":{"line":5,"column":2},"end":{"line":5,"column":3}},"loc":{"start":{"line":5,"column":43},"end":{"line":49,"column":3}},"line":5},"1":{"name":"(anonymous_1)","decl":{"start":{"line":51,"column":2},"end":{"line":51,"column":3}},"loc":{"start":{"line":51,"column":46},"end":{"line":74,"column":3}},"line":51},"2":{"name":"(anonymous_2)","decl":{"start":{"line":76,"column":2},"end":{"line":76,"column":3}},"loc":{"start":{"line":76,"column":44},"end":{"line":99,"column":3}},"line":76},"3":{"name":"(anonymous_3)","decl":{"start":{"line":101,"column":2},"end":{"line":101,"column":3}},"loc":{"start":{"line":101,"column":67},"end":{"line":128,"column":3}},"line":101},"4":{"name":"(anonymous_4)","decl":{"start":{"line":130,"column":2},"end":{"line":130,"column":3}},"loc":{"start":{"line":130,"column":30},"end":{"line":168,"column":3}},"line":130}},"branchMap":{"0":{"loc":{"start":{"line":40,"column":17},"end":{"line":42,"column":59}},"type":"cond-expr","locations":[{"start":{"line":41,"column":12},"end":{"line":41,"column":48}},{"start":{"line":42,"column":12},"end":{"line":42,"column":59}}],"line":40},"1":{"loc":{"start":{"line":122,"column":21},"end":{"line":122,"column":36}},"type":"binary-expr","locations":[{"start":{"line":122,"column":21},"end":{"line":122,"column":28}},{"start":{"line":122,"column":32},"end":{"line":122,"column":36}}],"line":122}},"s":{"0":3,"1":4,"2":4,"3":4,"4":4,"5":3,"6":3,"7":3,"8":3,"9":1,"10":1,"11":3,"12":3,"13":3,"14":3,"15":2,"16":1,"17":1,"18":3,"19":3,"20":3,"21":3,"22":2,"23":1,"24":1,"25":7,"26":7,"27":7,"28":6,"29":1,"30":1,"31":4,"32":4,"33":4,"34":3,"35":1,"36":1},"f":{"0":4,"1":3,"2":3,"3":7,"4":4},"b":{"0":[1,2],"1":[6,2]},"_coverageSchema":"1a1c01bbd47fc00a2c39e90264f33305004495a9","hash":"2ab6b5b1632687dafd6b02e90423506cfed6685a"}
,"/Users/abeyahc/github/CSC308/backend/models/Messages.js": {"path":"/Users/abeyahc/github/CSC308/backend/models/Messages.js","statementMap":{"0":{"start":{"line":3,"column":29},"end":{"line":384,"column":1}},"1":{"start":{"line":5,"column":49},"end":{"line":5,"column":60}},"2":{"start":{"line":7,"column":18},"end":{"line":21,"column":9}},"3":{"start":{"line":23,"column":4},"end":{"line":29,"column":5}},"4":{"start":{"line":24,"column":23},"end":{"line":24,"column":73}},"5":{"start":{"line":25,"column":6},"end":{"line":25,"column":18}},"6":{"start":{"line":27,"column":6},"end":{"line":27,"column":50}},"7":{"start":{"line":28,"column":6},"end":{"line":28,"column":18}},"8":{"start":{"line":33,"column":65},"end":{"line":33,"column":73}},"9":{"start":{"line":35,"column":4},"end":{"line":69,"column":5}},"10":{"start":{"line":36,"column":6},"end":{"line":36,"column":32}},"11":{"start":{"line":39,"column":24},"end":{"line":43,"column":13}},"12":{"start":{"line":44,"column":25},"end":{"line":48,"column":8}},"13":{"start":{"line":49,"column":19},"end":{"line":49,"column":37}},"14":{"start":{"line":52,"column":31},"end":{"line":57,"column":13}},"15":{"start":{"line":59,"column":6},"end":{"line":61,"column":7}},"16":{"start":{"line":60,"column":8},"end":{"line":60,"column":67}},"17":{"start":{"line":63,"column":6},"end":{"line":63,"column":33}},"18":{"start":{"line":64,"column":6},"end":{"line":64,"column":18}},"19":{"start":{"line":66,"column":6},"end":{"line":66,"column":35}},"20":{"start":{"line":67,"column":6},"end":{"line":67,"column":51}},"21":{"start":{"line":68,"column":6},"end":{"line":68,"column":18}},"22":{"start":{"line":73,"column":18},"end":{"line":77,"column":9}},"23":{"start":{"line":79,"column":4},"end":{"line":85,"column":5}},"24":{"start":{"line":80,"column":23},"end":{"line":80,"column":56}},"25":{"start":{"line":81,"column":6},"end":{"line":81,"column":29}},"26":{"start":{"line":83,"column":6},"end":{"line":83,"column":48}},"27":{"start":{"line":84,"column":6},"end":{"line":84,"column":18}},"28":{"start":{"line":89,"column":26},"end":{"line":89,"column":46}},"29":{"start":{"line":90,"column":25},"end":{"line":90,"column":27}},"30":{"start":{"line":91,"column":19},"end":{"line":91,"column":21}},"31":{"start":{"line":92,"column":21},"end":{"line":92,"column":22}},"32":{"start":{"line":94,"column":4},"end":{"line":99,"column":5}},"33":{"start":{"line":95,"column":6},"end":{"line":98,"column":7}},"34":{"start":{"line":96,"column":8},"end":{"line":96,"column":55}},"35":{"start":{"line":97,"column":8},"end":{"line":97,"column":27}},"36":{"start":{"line":101,"column":4},"end":{"line":103,"column":5}},"37":{"start":{"line":102,"column":6},"end":{"line":102,"column":18}},"38":{"start":{"line":105,"column":4},"end":{"line":105,"column":24}},"39":{"start":{"line":107,"column":18},"end":{"line":112,"column":9}},"40":{"start":{"line":114,"column":4},"end":{"line":120,"column":5}},"41":{"start":{"line":115,"column":23},"end":{"line":115,"column":54}},"42":{"start":{"line":116,"column":6},"end":{"line":116,"column":29}},"43":{"start":{"line":118,"column":6},"end":{"line":118,"column":51}},"44":{"start":{"line":119,"column":6},"end":{"line":119,"column":18}},"45":{"start":{"line":124,"column":4},"end":{"line":138,"column":5}},"46":{"start":{"line":125,"column":6},"end":{"line":125,"column":32}},"47":{"start":{"line":128,"column":6},"end":{"line":128,"column":76}},"48":{"start":{"line":129,"column":6},"end":{"line":129,"column":80}},"49":{"start":{"line":130,"column":6},"end":{"line":130,"column":68}},"50":{"start":{"line":132,"column":6},"end":{"line":132,"column":33}},"51":{"start":{"line":133,"column":6},"end":{"line":133,"column":18}},"52":{"start":{"line":135,"column":6},"end":{"line":135,"column":35}},"53":{"start":{"line":136,"column":6},"end":{"line":136,"column":51}},"54":{"start":{"line":137,"column":6},"end":{"line":137,"column":18}},"55":{"start":{"line":142,"column":18},"end":{"line":152,"column":9}},"56":{"start":{"line":154,"column":4},"end":{"line":160,"column":5}},"57":{"start":{"line":155,"column":23},"end":{"line":155,"column":56}},"58":{"start":{"line":156,"column":6},"end":{"line":156,"column":18}},"59":{"start":{"line":158,"column":6},"end":{"line":158,"column":61}},"60":{"start":{"line":159,"column":6},"end":{"line":159,"column":18}},"61":{"start":{"line":164,"column":29},"end":{"line":164,"column":45}},"62":{"start":{"line":166,"column":4},"end":{"line":190,"column":5}},"63":{"start":{"line":167,"column":6},"end":{"line":167,"column":32}},"64":{"start":{"line":169,"column":20},"end":{"line":174,"column":13}},"65":{"start":{"line":176,"column":32},"end":{"line":176,"column":34}},"66":{"start":{"line":177,"column":6},"end":{"line":182,"column":7}},"67":{"start":{"line":178,"column":23},"end":{"line":178,"column":69}},"68":{"start":{"line":179,"column":8},"end":{"line":181,"column":9}},"69":{"start":{"line":180,"column":10},"end":{"line":180,"column":49}},"70":{"start":{"line":184,"column":6},"end":{"line":184,"column":33}},"71":{"start":{"line":185,"column":6},"end":{"line":185,"column":50}},"72":{"start":{"line":187,"column":6},"end":{"line":187,"column":35}},"73":{"start":{"line":188,"column":6},"end":{"line":188,"column":60}},"74":{"start":{"line":189,"column":6},"end":{"line":189,"column":18}},"75":{"start":{"line":194,"column":18},"end":{"line":198,"column":9}},"76":{"start":{"line":200,"column":4},"end":{"line":206,"column":5}},"77":{"start":{"line":201,"column":23},"end":{"line":201,"column":66}},"78":{"start":{"line":202,"column":6},"end":{"line":202,"column":29}},"79":{"start":{"line":204,"column":6},"end":{"line":204,"column":62}},"80":{"start":{"line":205,"column":6},"end":{"line":205,"column":18}},"81":{"start":{"line":210,"column":47},"end":{"line":210,"column":58}},"82":{"start":{"line":212,"column":16},"end":{"line":219,"column":9}},"83":{"start":{"line":221,"column":19},"end":{"line":221,"column":27}},"84":{"start":{"line":223,"column":4},"end":{"line":226,"column":5}},"85":{"start":{"line":224,"column":6},"end":{"line":224,"column":40}},"86":{"start":{"line":225,"column":6},"end":{"line":225,"column":26}},"87":{"start":{"line":228,"column":4},"end":{"line":228,"column":100}},"88":{"start":{"line":229,"column":4},"end":{"line":229,"column":31}},"89":{"start":{"line":231,"column":4},"end":{"line":237,"column":5}},"90":{"start":{"line":232,"column":23},"end":{"line":232,"column":54}},"91":{"start":{"line":233,"column":6},"end":{"line":233,"column":28}},"92":{"start":{"line":235,"column":6},"end":{"line":235,"column":53}},"93":{"start":{"line":236,"column":6},"end":{"line":236,"column":18}},"94":{"start":{"line":241,"column":18},"end":{"line":248,"column":9}},"95":{"start":{"line":250,"column":4},"end":{"line":256,"column":5}},"96":{"start":{"line":251,"column":23},"end":{"line":251,"column":67}},"97":{"start":{"line":252,"column":6},"end":{"line":252,"column":29}},"98":{"start":{"line":254,"column":6},"end":{"line":254,"column":51}},"99":{"start":{"line":255,"column":6},"end":{"line":255,"column":18}},"100":{"start":{"line":260,"column":4},"end":{"line":263,"column":7}},"101":{"start":{"line":264,"column":41},"end":{"line":264,"column":52}},"102":{"start":{"line":266,"column":4},"end":{"line":288,"column":5}},"103":{"start":{"line":267,"column":6},"end":{"line":267,"column":32}},"104":{"start":{"line":270,"column":27},"end":{"line":274,"column":13}},"105":{"start":{"line":275,"column":28},"end":{"line":279,"column":8}},"106":{"start":{"line":280,"column":22},"end":{"line":280,"column":43}},"107":{"start":{"line":282,"column":6},"end":{"line":282,"column":33}},"108":{"start":{"line":283,"column":6},"end":{"line":283,"column":21}},"109":{"start":{"line":285,"column":6},"end":{"line":285,"column":35}},"110":{"start":{"line":286,"column":6},"end":{"line":286,"column":52}},"111":{"start":{"line":287,"column":6},"end":{"line":287,"column":18}},"112":{"start":{"line":292,"column":24},"end":{"line":292,"column":34}},"113":{"start":{"line":294,"column":18},"end":{"line":299,"column":9}},"114":{"start":{"line":301,"column":4},"end":{"line":307,"column":5}},"115":{"start":{"line":302,"column":23},"end":{"line":302,"column":76}},"116":{"start":{"line":303,"column":6},"end":{"line":303,"column":29}},"117":{"start":{"line":305,"column":6},"end":{"line":305,"column":54}},"118":{"start":{"line":306,"column":6},"end":{"line":306,"column":18}},"119":{"start":{"line":311,"column":18},"end":{"line":315,"column":9}},"120":{"start":{"line":317,"column":4},"end":{"line":323,"column":5}},"121":{"start":{"line":318,"column":23},"end":{"line":318,"column":67}},"122":{"start":{"line":319,"column":6},"end":{"line":319,"column":29}},"123":{"start":{"line":321,"column":6},"end":{"line":321,"column":54}},"124":{"start":{"line":322,"column":6},"end":{"line":322,"column":18}},"125":{"start":{"line":327,"column":38},"end":{"line":327,"column":46}},"126":{"start":{"line":329,"column":4},"end":{"line":368,"column":5}},"127":{"start":{"line":330,"column":6},"end":{"line":330,"column":32}},"128":{"start":{"line":333,"column":24},"end":{"line":333,"column":66}},"129":{"start":{"line":334,"column":25},"end":{"line":334,"column":64}},"130":{"start":{"line":336,"column":6},"end":{"line":338,"column":7}},"131":{"start":{"line":337,"column":8},"end":{"line":337,"column":42}},"132":{"start":{"line":339,"column":21},"end":{"line":339,"column":42}},"133":{"start":{"line":342,"column":24},"end":{"line":349,"column":13}},"134":{"start":{"line":351,"column":23},"end":{"line":355,"column":8}},"135":{"start":{"line":357,"column":6},"end":{"line":357,"column":33}},"136":{"start":{"line":358,"column":6},"end":{"line":363,"column":8}},"137":{"start":{"line":365,"column":6},"end":{"line":365,"column":35}},"138":{"start":{"line":366,"column":6},"end":{"line":366,"column":53}},"139":{"start":{"line":367,"column":6},"end":{"line":367,"column":18}},"140":{"start":{"line":372,"column":35},"end":{"line":372,"column":45}},"141":{"start":{"line":376,"column":4},"end":{"line":382,"column":6}}},"fnMap":{"0":{"name":"(anonymous_0)","decl":{"start":{"line":4,"column":2},"end":{"line":4,"column":3}},"loc":{"start":{"line":4,"column":31},"end":{"line":30,"column":3}},"line":4},"1":{"name":"(anonymous_1)","decl":{"start":{"line":32,"column":2},"end":{"line":32,"column":3}},"loc":{"start":{"line":32,"column":29},"end":{"line":70,"column":3}},"line":32},"2":{"name":"(anonymous_2)","decl":{"start":{"line":72,"column":2},"end":{"line":72,"column":3}},"loc":{"start":{"line":72,"column":24},"end":{"line":86,"column":3}},"line":72},"3":{"name":"(anonymous_3)","decl":{"start":{"line":88,"column":2},"end":{"line":88,"column":3}},"loc":{"start":{"line":88,"column":39},"end":{"line":121,"column":3}},"line":88},"4":{"name":"(anonymous_4)","decl":{"start":{"line":123,"column":2},"end":{"line":123,"column":3}},"loc":{"start":{"line":123,"column":27},"end":{"line":139,"column":3}},"line":123},"5":{"name":"(anonymous_5)","decl":{"start":{"line":141,"column":2},"end":{"line":141,"column":3}},"loc":{"start":{"line":141,"column":37},"end":{"line":161,"column":3}},"line":141},"6":{"name":"(anonymous_6)","decl":{"start":{"line":163,"column":2},"end":{"line":163,"column":3}},"loc":{"start":{"line":163,"column":54},"end":{"line":191,"column":3}},"line":163},"7":{"name":"(anonymous_7)","decl":{"start":{"line":193,"column":2},"end":{"line":193,"column":3}},"loc":{"start":{"line":193,"column":48},"end":{"line":207,"column":3}},"line":193},"8":{"name":"(anonymous_8)","decl":{"start":{"line":209,"column":2},"end":{"line":209,"column":3}},"loc":{"start":{"line":209,"column":42},"end":{"line":238,"column":3}},"line":209},"9":{"name":"(anonymous_9)","decl":{"start":{"line":240,"column":2},"end":{"line":240,"column":3}},"loc":{"start":{"line":240,"column":38},"end":{"line":257,"column":3}},"line":240},"10":{"name":"(anonymous_10)","decl":{"start":{"line":259,"column":2},"end":{"line":259,"column":3}},"loc":{"start":{"line":259,"column":41},"end":{"line":289,"column":3}},"line":259},"11":{"name":"(anonymous_11)","decl":{"start":{"line":291,"column":2},"end":{"line":291,"column":3}},"loc":{"start":{"line":291,"column":53},"end":{"line":308,"column":3}},"line":291},"12":{"name":"(anonymous_12)","decl":{"start":{"line":310,"column":2},"end":{"line":310,"column":3}},"loc":{"start":{"line":310,"column":41},"end":{"line":324,"column":3}},"line":310},"13":{"name":"(anonymous_13)","decl":{"start":{"line":326,"column":2},"end":{"line":326,"column":3}},"loc":{"start":{"line":326,"column":39},"end":{"line":369,"column":3}},"line":326},"14":{"name":"(anonymous_14)","decl":{"start":{"line":371,"column":2},"end":{"line":371,"column":3}},"loc":{"start":{"line":371,"column":38},"end":{"line":383,"column":3}},"line":371}},"branchMap":{"0":{"loc":{"start":{"line":5,"column":22},"end":{"line":5,"column":32}},"type":"default-arg","locations":[{"start":{"line":5,"column":30},"end":{"line":5,"column":32}}],"line":5},"1":{"loc":{"start":{"line":5,"column":34},"end":{"line":5,"column":44}},"type":"default-arg","locations":[{"start":{"line":5,"column":43},"end":{"line":5,"column":44}}],"line":5},"2":{"loc":{"start":{"line":33,"column":18},"end":{"line":33,"column":34}},"type":"default-arg","locations":[{"start":{"line":33,"column":29},"end":{"line":33,"column":34}}],"line":33},"3":{"loc":{"start":{"line":81,"column":13},"end":{"line":81,"column":28}},"type":"binary-expr","locations":[{"start":{"line":81,"column":13},"end":{"line":81,"column":20}},{"start":{"line":81,"column":24},"end":{"line":81,"column":28}}],"line":81},"4":{"loc":{"start":{"line":95,"column":6},"end":{"line":98,"column":7}},"type":"if","locations":[{"start":{"line":95,"column":6},"end":{"line":98,"column":7}},{"start":{},"end":{}}],"line":95},"5":{"loc":{"start":{"line":95,"column":10},"end":{"line":95,"column":60}},"type":"binary-expr","locations":[{"start":{"line":95,"column":10},"end":{"line":95,"column":37}},{"start":{"line":95,"column":41},"end":{"line":95,"column":60}}],"line":95},"6":{"loc":{"start":{"line":101,"column":4},"end":{"line":103,"column":5}},"type":"if","locations":[{"start":{"line":101,"column":4},"end":{"line":103,"column":5}},{"start":{},"end":{}}],"line":101},"7":{"loc":{"start":{"line":116,"column":13},"end":{"line":116,"column":28}},"type":"binary-expr","locations":[{"start":{"line":116,"column":13},"end":{"line":116,"column":20}},{"start":{"line":116,"column":24},"end":{"line":116,"column":28}}],"line":116},"8":{"loc":{"start":{"line":179,"column":8},"end":{"line":181,"column":9}},"type":"if","locations":[{"start":{"line":179,"column":8},"end":{"line":181,"column":9}},{"start":{},"end":{}}],"line":179},"9":{"loc":{"start":{"line":210,"column":12},"end":{"line":210,"column":22}},"type":"default-arg","locations":[{"start":{"line":210,"column":20},"end":{"line":210,"column":22}}],"line":210},"10":{"loc":{"start":{"line":210,"column":24},"end":{"line":210,"column":34}},"type":"default-arg","locations":[{"start":{"line":210,"column":33},"end":{"line":210,"column":34}}],"line":210},"11":{"loc":{"start":{"line":223,"column":4},"end":{"line":226,"column":5}},"type":"if","locations":[{"start":{"line":223,"column":4},"end":{"line":226,"column":5}},{"start":{},"end":{}}],"line":223},"12":{"loc":{"start":{"line":252,"column":13},"end":{"line":252,"column":28}},"type":"binary-expr","locations":[{"start":{"line":252,"column":13},"end":{"line":252,"column":20}},{"start":{"line":252,"column":24},"end":{"line":252,"column":28}}],"line":252},"13":{"loc":{"start":{"line":303,"column":13},"end":{"line":303,"column":28}},"type":"binary-expr","locations":[{"start":{"line":303,"column":13},"end":{"line":303,"column":20}},{"start":{"line":303,"column":24},"end":{"line":303,"column":28}}],"line":303},"14":{"loc":{"start":{"line":336,"column":6},"end":{"line":338,"column":7}},"type":"if","locations":[{"start":{"line":336,"column":6},"end":{"line":338,"column":7}},{"start":{},"end":{}}],"line":336}},"s":{"0":1,"1":0,"2":0,"3":0,"4":0,"5":0,"6":0,"7":0,"8":0,"9":0,"10":0,"11":0,"12":0,"13":0,"14":0,"15":0,"16":0,"17":0,"18":0,"19":0,"20":0,"21":0,"22":0,"23":0,"24":0,"25":0,"26":0,"27":0,"28":0,"29":0,"30":0,"31":0,"32":0,"33":0,"34":0,"35":0,"36":0,"37":0,"38":0,"39":0,"40":0,"41":0,"42":0,"43":0,"44":0,"45":0,"46":0,"47":0,"48":0,"49":0,"50":0,"51":0,"52":0,"53":0,"54":0,"55":0,"56":0,"57":0,"58":0,"59":0,"60":0,"61":0,"62":0,"63":0,"64":0,"65":0,"66":0,"67":0,"68":0,"69":0,"70":0,"71":0,"72":0,"73":0,"74":0,"75":0,"76":0,"77":0,"78":0,"79":0,"80":0,"81":0,"82":0,"83":0,"84":0,"85":0,"86":0,"87":0,"88":0,"89":0,"90":0,"91":0,"92":0,"93":0,"94":0,"95":0,"96":0,"97":0,"98":0,"99":0,"100":0,"101":0,"102":0,"103":0,"104":0,"105":0,"106":0,"107":0,"108":0,"109":0,"110":0,"111":0,"112":0,"113":0,"114":0,"115":0,"116":0,"117":0,"118":0,"119":0,"120":0,"121":0,"122":0,"123":0,"124":0,"125":0,"126":0,"127":0,"128":0,"129":0,"130":0,"131":0,"132":0,"133":0,"134":0,"135":0,"136":0,"137":0,"138":0,"139":0,"140":0,"141":0},"f":{"0":0,"1":0,"2":0,"3":0,"4":0,"5":0,"6":0,"7":0,"8":0,"9":0,"10":0,"11":0,"12":0,"13":0,"14":0},"b":{"0":[0],"1":[0],"2":[0],"3":[0,0],"4":[0,0],"5":[0,0],"6":[0,0],"7":[0,0],"8":[0,0],"9":[0],"10":[0],"11":[0,0],"12":[0,0],"13":[0,0],"14":[0,0]},"_coverageSchema":"1a1c01bbd47fc00a2c39e90264f33305004495a9","hash":"4a553b120dd368dc05a6c6b7373eace425d354c5"}
,"/Users/abeyahc/github/CSC308/backend/models/Notifications.js": {"path":"/Users/abeyahc/github/CSC308/backend/models/Notifications.js","statementMap":{"0":{"start":{"line":5,"column":27},"end":{"line":222,"column":1}},"1":{"start":{"line":61,"column":4},"end":{"line":63,"column":6}},"2":{"start":{"line":65,"column":19},"end":{"line":67,"column":70}},"3":{"start":{"line":66,"column":21},"end":{"line":66,"column":44}},"4":{"start":{"line":67,"column":22},"end":{"line":67,"column":69}},"5":{"start":{"line":68,"column":4},"end":{"line":68,"column":65}},"6":{"start":{"line":69,"column":4},"end":{"line":69,"column":18}},"7":{"start":{"line":73,"column":4},"end":{"line":75,"column":6}},"8":{"start":{"line":77,"column":18},"end":{"line":79,"column":12}},"9":{"start":{"line":78,"column":13},"end":{"line":78,"column":59}},"10":{"start":{"line":80,"column":4},"end":{"line":80,"column":50}},"11":{"start":{"line":81,"column":4},"end":{"line":81,"column":17}},"12":{"start":{"line":85,"column":4},"end":{"line":87,"column":6}},"13":{"start":{"line":90,"column":6},"end":{"line":90,"column":73}},"14":{"start":{"line":90,"column":41},"end":{"line":90,"column":64}},"15":{"start":{"line":91,"column":4},"end":{"line":91,"column":56}},"16":{"start":{"line":92,"column":4},"end":{"line":92,"column":18}},"17":{"start":{"line":96,"column":4},"end":{"line":96,"column":73}},"18":{"start":{"line":99,"column":67},"end":{"line":99,"column":77}},"19":{"start":{"line":101,"column":4},"end":{"line":103,"column":5}},"20":{"start":{"line":102,"column":6},"end":{"line":102,"column":71}},"21":{"start":{"line":105,"column":28},"end":{"line":114,"column":5}},"22":{"start":{"line":116,"column":4},"end":{"line":116,"column":49}},"23":{"start":{"line":117,"column":4},"end":{"line":117,"column":76}},"24":{"start":{"line":118,"column":4},"end":{"line":118,"column":27}},"25":{"start":{"line":122,"column":4},"end":{"line":124,"column":6}},"26":{"start":{"line":126,"column":25},"end":{"line":128,"column":5}},"27":{"start":{"line":127,"column":13},"end":{"line":127,"column":36}},"28":{"start":{"line":129,"column":4},"end":{"line":132,"column":5}},"29":{"start":{"line":130,"column":6},"end":{"line":130,"column":49}},"30":{"start":{"line":131,"column":6},"end":{"line":131,"column":18}},"31":{"start":{"line":133,"column":4},"end":{"line":133,"column":32}},"32":{"start":{"line":134,"column":4},"end":{"line":134,"column":39}},"33":{"start":{"line":135,"column":4},"end":{"line":135,"column":24}},"34":{"start":{"line":139,"column":4},"end":{"line":141,"column":6}},"35":{"start":{"line":143,"column":25},"end":{"line":145,"column":5}},"36":{"start":{"line":144,"column":13},"end":{"line":144,"column":36}},"37":{"start":{"line":146,"column":4},"end":{"line":149,"column":5}},"38":{"start":{"line":147,"column":6},"end":{"line":147,"column":49}},"39":{"start":{"line":148,"column":6},"end":{"line":148,"column":18}},"40":{"start":{"line":150,"column":4},"end":{"line":150,"column":33}},"41":{"start":{"line":151,"column":4},"end":{"line":151,"column":41}},"42":{"start":{"line":152,"column":4},"end":{"line":152,"column":24}},"43":{"start":{"line":156,"column":4},"end":{"line":156,"column":79}},"44":{"start":{"line":158,"column":21},"end":{"line":158,"column":59}},"45":{"start":{"line":159,"column":4},"end":{"line":159,"column":59}},"46":{"start":{"line":159,"column":19},"end":{"line":159,"column":59}},"47":{"start":{"line":161,"column":20},"end":{"line":166,"column":8}},"48":{"start":{"line":162,"column":21},"end":{"line":162,"column":67}},"49":{"start":{"line":164,"column":8},"end":{"line":164,"column":25}},"50":{"start":{"line":165,"column":8},"end":{"line":165,"column":17}},"51":{"start":{"line":168,"column":4},"end":{"line":168,"column":71}},"52":{"start":{"line":169,"column":4},"end":{"line":169,"column":29}},"53":{"start":{"line":173,"column":4},"end":{"line":175,"column":6}},"54":{"start":{"line":177,"column":25},"end":{"line":179,"column":5}},"55":{"start":{"line":178,"column":13},"end":{"line":178,"column":36}},"56":{"start":{"line":180,"column":4},"end":{"line":183,"column":5}},"57":{"start":{"line":181,"column":6},"end":{"line":181,"column":49}},"58":{"start":{"line":182,"column":6},"end":{"line":182,"column":18}},"59":{"start":{"line":184,"column":4},"end":{"line":184,"column":36}},"60":{"start":{"line":185,"column":4},"end":{"line":185,"column":33}},"61":{"start":{"line":186,"column":4},"end":{"line":186,"column":24}},"62":{"start":{"line":190,"column":4},"end":{"line":192,"column":6}},"63":{"start":{"line":194,"column":25},"end":{"line":196,"column":5}},"64":{"start":{"line":195,"column":13},"end":{"line":195,"column":36}},"65":{"start":{"line":197,"column":4},"end":{"line":200,"column":5}},"66":{"start":{"line":198,"column":6},"end":{"line":198,"column":49}},"67":{"start":{"line":199,"column":6},"end":{"line":199,"column":18}},"68":{"start":{"line":201,"column":4},"end":{"line":201,"column":37}},"69":{"start":{"line":202,"column":4},"end":{"line":202,"column":35}},"70":{"start":{"line":203,"column":4},"end":{"line":203,"column":24}},"71":{"start":{"line":207,"column":4},"end":{"line":209,"column":6}},"72":{"start":{"line":211,"column":18},"end":{"line":213,"column":5}},"73":{"start":{"line":212,"column":13},"end":{"line":212,"column":36}},"74":{"start":{"line":214,"column":4},"end":{"line":217,"column":5}},"75":{"start":{"line":215,"column":6},"end":{"line":215,"column":49}},"76":{"start":{"line":216,"column":6},"end":{"line":216,"column":19}},"77":{"start":{"line":218,"column":4},"end":{"line":218,"column":44}},"78":{"start":{"line":219,"column":4},"end":{"line":219,"column":45}},"79":{"start":{"line":220,"column":4},"end":{"line":220,"column":16}}},"fnMap":{"0":{"name":"(anonymous_0)","decl":{"start":{"line":60,"column":2},"end":{"line":60,"column":3}},"loc":{"start":{"line":60,"column":36},"end":{"line":70,"column":3}},"line":60},"1":{"name":"(anonymous_1)","decl":{"start":{"line":66,"column":14},"end":{"line":66,"column":15}},"loc":{"start":{"line":66,"column":21},"end":{"line":66,"column":44}},"line":66},"2":{"name":"(anonymous_2)","decl":{"start":{"line":67,"column":12},"end":{"line":67,"column":13}},"loc":{"start":{"line":67,"column":22},"end":{"line":67,"column":69}},"line":67},"3":{"name":"(anonymous_3)","decl":{"start":{"line":72,"column":2},"end":{"line":72,"column":3}},"loc":{"start":{"line":72,"column":46},"end":{"line":82,"column":3}},"line":72},"4":{"name":"(anonymous_4)","decl":{"start":{"line":78,"column":6},"end":{"line":78,"column":7}},"loc":{"start":{"line":78,"column":13},"end":{"line":78,"column":59}},"line":78},"5":{"name":"(anonymous_5)","decl":{"start":{"line":84,"column":2},"end":{"line":84,"column":3}},"loc":{"start":{"line":84,"column":40},"end":{"line":93,"column":3}},"line":84},"6":{"name":"(anonymous_6)","decl":{"start":{"line":90,"column":34},"end":{"line":90,"column":35}},"loc":{"start":{"line":90,"column":41},"end":{"line":90,"column":64}},"line":90},"7":{"name":"(anonymous_7)","decl":{"start":{"line":95,"column":2},"end":{"line":95,"column":3}},"loc":{"start":{"line":95,"column":33},"end":{"line":119,"column":3}},"line":95},"8":{"name":"(anonymous_8)","decl":{"start":{"line":121,"column":2},"end":{"line":121,"column":3}},"loc":{"start":{"line":121,"column":45},"end":{"line":136,"column":3}},"line":121},"9":{"name":"(anonymous_9)","decl":{"start":{"line":127,"column":6},"end":{"line":127,"column":7}},"loc":{"start":{"line":127,"column":13},"end":{"line":127,"column":36}},"line":127},"10":{"name":"(anonymous_10)","decl":{"start":{"line":138,"column":2},"end":{"line":138,"column":3}},"loc":{"start":{"line":138,"column":47},"end":{"line":153,"column":3}},"line":138},"11":{"name":"(anonymous_11)","decl":{"start":{"line":144,"column":6},"end":{"line":144,"column":7}},"loc":{"start":{"line":144,"column":13},"end":{"line":144,"column":36}},"line":144},"12":{"name":"(anonymous_12)","decl":{"start":{"line":155,"column":2},"end":{"line":155,"column":3}},"loc":{"start":{"line":155,"column":39},"end":{"line":170,"column":3}},"line":155},"13":{"name":"(anonymous_13)","decl":{"start":{"line":162,"column":14},"end":{"line":162,"column":15}},"loc":{"start":{"line":162,"column":21},"end":{"line":162,"column":67}},"line":162},"14":{"name":"(anonymous_14)","decl":{"start":{"line":163,"column":11},"end":{"line":163,"column":12}},"loc":{"start":{"line":163,"column":18},"end":{"line":166,"column":7}},"line":163},"15":{"name":"(anonymous_15)","decl":{"start":{"line":172,"column":2},"end":{"line":172,"column":3}},"loc":{"start":{"line":172,"column":44},"end":{"line":187,"column":3}},"line":172},"16":{"name":"(anonymous_16)","decl":{"start":{"line":178,"column":6},"end":{"line":178,"column":7}},"loc":{"start":{"line":178,"column":13},"end":{"line":178,"column":36}},"line":178},"17":{"name":"(anonymous_17)","decl":{"start":{"line":189,"column":2},"end":{"line":189,"column":3}},"loc":{"start":{"line":189,"column":46},"end":{"line":204,"column":3}},"line":189},"18":{"name":"(anonymous_18)","decl":{"start":{"line":195,"column":6},"end":{"line":195,"column":7}},"loc":{"start":{"line":195,"column":13},"end":{"line":195,"column":36}},"line":195},"19":{"name":"(anonymous_19)","decl":{"start":{"line":206,"column":2},"end":{"line":206,"column":3}},"loc":{"start":{"line":206,"column":43},"end":{"line":221,"column":3}},"line":206},"20":{"name":"(anonymous_20)","decl":{"start":{"line":212,"column":6},"end":{"line":212,"column":7}},"loc":{"start":{"line":212,"column":13},"end":{"line":212,"column":36}},"line":212}},"branchMap":{"0":{"loc":{"start":{"line":78,"column":13},"end":{"line":78,"column":59}},"type":"binary-expr","locations":[{"start":{"line":78,"column":13},"end":{"line":78,"column":36}},{"start":{"line":78,"column":40},"end":{"line":78,"column":59}}],"line":78},"1":{"loc":{"start":{"line":90,"column":6},"end":{"line":90,"column":73}},"type":"binary-expr","locations":[{"start":{"line":90,"column":6},"end":{"line":90,"column":65}},{"start":{"line":90,"column":69},"end":{"line":90,"column":73}}],"line":90},"2":{"loc":{"start":{"line":91,"column":31},"end":{"line":91,"column":52}},"type":"cond-expr","locations":[{"start":{"line":91,"column":40},"end":{"line":91,"column":45}},{"start":{"line":91,"column":48},"end":{"line":91,"column":52}}],"line":91},"3":{"loc":{"start":{"line":99,"column":22},"end":{"line":99,"column":33}},"type":"default-arg","locations":[{"start":{"line":99,"column":29},"end":{"line":99,"column":33}}],"line":99},"4":{"loc":{"start":{"line":99,"column":35},"end":{"line":99,"column":49}},"type":"default-arg","locations":[{"start":{"line":99,"column":45},"end":{"line":99,"column":49}}],"line":99},"5":{"loc":{"start":{"line":99,"column":51},"end":{"line":99,"column":62}},"type":"default-arg","locations":[{"start":{"line":99,"column":58},"end":{"line":99,"column":62}}],"line":99},"6":{"loc":{"start":{"line":99,"column":67},"end":{"line":99,"column":77}},"type":"binary-expr","locations":[{"start":{"line":99,"column":67},"end":{"line":99,"column":71}},{"start":{"line":99,"column":75},"end":{"line":99,"column":77}}],"line":99},"7":{"loc":{"start":{"line":101,"column":4},"end":{"line":103,"column":5}},"type":"if","locations":[{"start":{"line":101,"column":4},"end":{"line":103,"column":5}},{"start":{},"end":{}}],"line":101},"8":{"loc":{"start":{"line":129,"column":4},"end":{"line":132,"column":5}},"type":"if","locations":[{"start":{"line":129,"column":4},"end":{"line":132,"column":5}},{"start":{},"end":{}}],"line":129},"9":{"loc":{"start":{"line":146,"column":4},"end":{"line":149,"column":5}},"type":"if","locations":[{"start":{"line":146,"column":4},"end":{"line":149,"column":5}},{"start":{},"end":{}}],"line":146},"10":{"loc":{"start":{"line":158,"column":21},"end":{"line":158,"column":59}},"type":"binary-expr","locations":[{"start":{"line":158,"column":21},"end":{"line":158,"column":35}},{"start":{"line":158,"column":39},"end":{"line":158,"column":59}}],"line":158},"11":{"loc":{"start":{"line":159,"column":4},"end":{"line":159,"column":59}},"type":"if","locations":[{"start":{"line":159,"column":4},"end":{"line":159,"column":59}},{"start":{},"end":{}}],"line":159},"12":{"loc":{"start":{"line":162,"column":21},"end":{"line":162,"column":67}},"type":"binary-expr","locations":[{"start":{"line":162,"column":21},"end":{"line":162,"column":44}},{"start":{"line":162,"column":48},"end":{"line":162,"column":67}}],"line":162},"13":{"loc":{"start":{"line":180,"column":4},"end":{"line":183,"column":5}},"type":"if","locations":[{"start":{"line":180,"column":4},"end":{"line":183,"column":5}},{"start":{},"end":{}}],"line":180},"14":{"loc":{"start":{"line":197,"column":4},"end":{"line":200,"column":5}},"type":"if","locations":[{"start":{"line":197,"column":4},"end":{"line":200,"column":5}},{"start":{},"end":{}}],"line":197},"15":{"loc":{"start":{"line":214,"column":4},"end":{"line":217,"column":5}},"type":"if","locations":[{"start":{"line":214,"column":4},"end":{"line":217,"column":5}},{"start":{},"end":{}}],"line":214}},"s":{"0":2,"1":1,"2":1,"3":6,"4":4,"5":1,"6":1,"7":2,"8":2,"9":10,"10":2,"11":2,"12":3,"13":3,"14":10,"15":3,"16":3,"17":2,"18":2,"19":2,"20":1,"21":1,"22":1,"23":1,"24":1,"25":2,"26":2,"27":6,"28":2,"29":1,"30":1,"31":1,"32":1,"33":1,"34":2,"35":2,"36":8,"37":2,"38":1,"39":1,"40":1,"41":1,"42":1,"43":3,"44":3,"45":3,"46":1,"47":2,"48":10,"49":6,"50":6,"51":2,"52":2,"53":3,"54":3,"55":7,"56":3,"57":1,"58":1,"59":2,"60":2,"61":2,"62":2,"63":2,"64":6,"65":2,"66":1,"67":1,"68":1,"69":1,"70":1,"71":2,"72":2,"73":6,"74":2,"75":1,"76":1,"77":1,"78":1,"79":1},"f":{"0":1,"1":6,"2":4,"3":2,"4":10,"5":3,"6":10,"7":2,"8":2,"9":6,"10":2,"11":8,"12":3,"13":10,"14":6,"15":3,"16":7,"17":2,"18":6,"19":2,"20":6},"b":{"0":[10,10],"1":[3,2],"2":[1,2],"3":[2],"4":[2],"5":[2],"6":[2,0],"7":[1,1],"8":[1,1],"9":[1,1],"10":[3,2],"11":[1,2],"12":[10,10],"13":[1,2],"14":[1,1],"15":[1,1]},"_coverageSchema":"1a1c01bbd47fc00a2c39e90264f33305004495a9","hash":"68fbc7c4f9acb6aa119b82a93bb66358c2a6276a"}
,"/Users/abeyahc/github/CSC308/backend/models/Profile.js": {"path":"/Users/abeyahc/github/CSC308/backend/models/Profile.js","statementMap":{"0":{"start":{"line":4,"column":24},"end":{"line":20,"column":1}},"1":{"start":{"line":22,"column":23},"end":{"line":33,"column":2}},"2":{"start":{"line":36,"column":21},"end":{"line":36,"column":38}},"3":{"start":{"line":38,"column":2},"end":{"line":40,"column":3}},"4":{"start":{"line":39,"column":4},"end":{"line":39,"column":55}},"5":{"start":{"line":42,"column":2},"end":{"line":44,"column":3}},"6":{"start":{"line":43,"column":4},"end":{"line":43,"column":56}},"7":{"start":{"line":46,"column":2},"end":{"line":46,"column":36}},"8":{"start":{"line":47,"column":2},"end":{"line":47,"column":34}},"9":{"start":{"line":48,"column":2},"end":{"line":48,"column":20}},"10":{"start":{"line":51,"column":28},"end":{"line":184,"column":1}},"11":{"start":{"line":53,"column":18},"end":{"line":57,"column":5}},"12":{"start":{"line":58,"column":21},"end":{"line":58,"column":44}},"13":{"start":{"line":59,"column":4},"end":{"line":59,"column":16}},"14":{"start":{"line":63,"column":18},"end":{"line":67,"column":5}},"15":{"start":{"line":68,"column":19},"end":{"line":68,"column":29}},"16":{"start":{"line":69,"column":21},"end":{"line":69,"column":52}},"17":{"start":{"line":70,"column":4},"end":{"line":70,"column":19}},"18":{"start":{"line":75,"column":18},"end":{"line":81,"column":5}},"19":{"start":{"line":83,"column":19},"end":{"line":95,"column":5}},"20":{"start":{"line":97,"column":4},"end":{"line":103,"column":5}},"21":{"start":{"line":98,"column":21},"end":{"line":98,"column":52}},"22":{"start":{"line":99,"column":6},"end":{"line":99,"column":28}},"23":{"start":{"line":101,"column":6},"end":{"line":101,"column":59}},"24":{"start":{"line":102,"column":6},"end":{"line":102,"column":18}},"25":{"start":{"line":107,"column":23},"end":{"line":107,"column":54}},"26":{"start":{"line":108,"column":19},"end":{"line":110,"column":5}},"27":{"start":{"line":109,"column":6},"end":{"line":109,"column":31}},"28":{"start":{"line":111,"column":4},"end":{"line":111,"column":68}},"29":{"start":{"line":111,"column":29},"end":{"line":111,"column":68}},"30":{"start":{"line":113,"column":22},"end":{"line":115,"column":17}},"31":{"start":{"line":114,"column":27},"end":{"line":114,"column":51}},"32":{"start":{"line":116,"column":19},"end":{"line":116,"column":66}},"33":{"start":{"line":116,"column":51},"end":{"line":116,"column":64}},"34":{"start":{"line":117,"column":18},"end":{"line":122,"column":5}},"35":{"start":{"line":124,"column":4},"end":{"line":130,"column":5}},"36":{"start":{"line":125,"column":21},"end":{"line":125,"column":52}},"37":{"start":{"line":126,"column":6},"end":{"line":126,"column":36}},"38":{"start":{"line":128,"column":6},"end":{"line":128,"column":59}},"39":{"start":{"line":129,"column":6},"end":{"line":129,"column":18}},"40":{"start":{"line":134,"column":18},"end":{"line":136,"column":5}},"41":{"start":{"line":137,"column":4},"end":{"line":143,"column":5}},"42":{"start":{"line":138,"column":21},"end":{"line":138,"column":56}},"43":{"start":{"line":139,"column":6},"end":{"line":139,"column":36}},"44":{"start":{"line":141,"column":6},"end":{"line":141,"column":59}},"45":{"start":{"line":142,"column":6},"end":{"line":142,"column":18}},"46":{"start":{"line":148,"column":4},"end":{"line":150,"column":6}},"47":{"start":{"line":152,"column":28},"end":{"line":160,"column":5}},"48":{"start":{"line":161,"column":4},"end":{"line":161,"column":64}},"49":{"start":{"line":162,"column":4},"end":{"line":162,"column":27}},"50":{"start":{"line":166,"column":4},"end":{"line":168,"column":6}},"51":{"start":{"line":169,"column":4},"end":{"line":169,"column":54}},"52":{"start":{"line":171,"column":31},"end":{"line":174,"column":5}},"53":{"start":{"line":175,"column":4},"end":{"line":175,"column":45}},"54":{"start":{"line":176,"column":4},"end":{"line":176,"column":30}},"55":{"start":{"line":180,"column":4},"end":{"line":182,"column":7}}},"fnMap":{"0":{"name":"normalizeUpdateData","decl":{"start":{"line":35,"column":9},"end":{"line":35,"column":28}},"loc":{"start":{"line":35,"column":46},"end":{"line":49,"column":1}},"line":35},"1":{"name":"(anonymous_1)","decl":{"start":{"line":52,"column":2},"end":{"line":52,"column":3}},"loc":{"start":{"line":52,"column":20},"end":{"line":60,"column":3}},"line":52},"2":{"name":"(anonymous_2)","decl":{"start":{"line":62,"column":2},"end":{"line":62,"column":3}},"loc":{"start":{"line":62,"column":36},"end":{"line":71,"column":3}},"line":62},"3":{"name":"(anonymous_3)","decl":{"start":{"line":73,"column":2},"end":{"line":73,"column":3}},"loc":{"start":{"line":73,"column":32},"end":{"line":104,"column":3}},"line":73},"4":{"name":"(anonymous_4)","decl":{"start":{"line":106,"column":2},"end":{"line":106,"column":3}},"loc":{"start":{"line":106,"column":41},"end":{"line":131,"column":3}},"line":106},"5":{"name":"(anonymous_5)","decl":{"start":{"line":108,"column":50},"end":{"line":108,"column":51}},"loc":{"start":{"line":109,"column":6},"end":{"line":109,"column":31}},"line":109},"6":{"name":"(anonymous_6)","decl":{"start":{"line":114,"column":11},"end":{"line":114,"column":12}},"loc":{"start":{"line":114,"column":27},"end":{"line":114,"column":51}},"line":114},"7":{"name":"(anonymous_7)","decl":{"start":{"line":116,"column":44},"end":{"line":116,"column":45}},"loc":{"start":{"line":116,"column":51},"end":{"line":116,"column":64}},"line":116},"8":{"name":"(anonymous_8)","decl":{"start":{"line":133,"column":2},"end":{"line":133,"column":3}},"loc":{"start":{"line":133,"column":29},"end":{"line":144,"column":3}},"line":133},"9":{"name":"(anonymous_9)","decl":{"start":{"line":147,"column":2},"end":{"line":147,"column":3}},"loc":{"start":{"line":147,"column":45},"end":{"line":163,"column":3}},"line":147},"10":{"name":"(anonymous_10)","decl":{"start":{"line":165,"column":2},"end":{"line":165,"column":3}},"loc":{"start":{"line":165,"column":61},"end":{"line":177,"column":3}},"line":165},"11":{"name":"(anonymous_11)","decl":{"start":{"line":179,"column":2},"end":{"line":179,"column":3}},"loc":{"start":{"line":179,"column":51},"end":{"line":183,"column":3}},"line":179}},"branchMap":{"0":{"loc":{"start":{"line":35,"column":29},"end":{"line":35,"column":44}},"type":"default-arg","locations":[{"start":{"line":35,"column":42},"end":{"line":35,"column":44}}],"line":35},"1":{"loc":{"start":{"line":38,"column":2},"end":{"line":40,"column":3}},"type":"if","locations":[{"start":{"line":38,"column":2},"end":{"line":40,"column":3}},{"start":{},"end":{}}],"line":38},"2":{"loc":{"start":{"line":38,"column":6},"end":{"line":38,"column":73}},"type":"binary-expr","locations":[{"start":{"line":38,"column":6},"end":{"line":38,"column":40}},{"start":{"line":38,"column":44},"end":{"line":38,"column":73}}],"line":38},"3":{"loc":{"start":{"line":42,"column":2},"end":{"line":44,"column":3}},"type":"if","locations":[{"start":{"line":42,"column":2},"end":{"line":44,"column":3}},{"start":{},"end":{}}],"line":42},"4":{"loc":{"start":{"line":42,"column":6},"end":{"line":42,"column":74}},"type":"binary-expr","locations":[{"start":{"line":42,"column":6},"end":{"line":42,"column":38}},{"start":{"line":42,"column":42},"end":{"line":42,"column":74}}],"line":42},"5":{"loc":{"start":{"line":111,"column":4},"end":{"line":111,"column":68}},"type":"if","locations":[{"start":{"line":111,"column":4},"end":{"line":111,"column":68}},{"start":{},"end":{}}],"line":111},"6":{"loc":{"start":{"line":126,"column":13},"end":{"line":126,"column":35}},"type":"binary-expr","locations":[{"start":{"line":126,"column":13},"end":{"line":126,"column":27}},{"start":{"line":126,"column":31},"end":{"line":126,"column":35}}],"line":126},"7":{"loc":{"start":{"line":139,"column":13},"end":{"line":139,"column":35}},"type":"binary-expr","locations":[{"start":{"line":139,"column":13},"end":{"line":139,"column":27}},{"start":{"line":139,"column":31},"end":{"line":139,"column":35}}],"line":139},"8":{"loc":{"start":{"line":181,"column":21},"end":{"line":181,"column":46}},"type":"binary-expr","locations":[{"start":{"line":181,"column":21},"end":{"line":181,"column":40}},{"start":{"line":181,"column":44},"end":{"line":181,"column":46}}],"line":181}},"s":{"0":3,"1":3,"2":11,"3":11,"4":1,"5":11,"6":1,"7":11,"8":11,"9":11,"10":3,"11":2,"12":2,"13":2,"14":2,"15":2,"16":2,"17":2,"18":3,"19":3,"20":3,"21":3,"22":2,"23":1,"24":1,"25":11,"26":11,"27":9,"28":11,"29":2,"30":9,"31":9,"32":9,"33":9,"34":9,"35":9,"36":9,"37":8,"38":1,"39":1,"40":5,"41":5,"42":5,"43":4,"44":1,"45":1,"46":2,"47":2,"48":2,"49":2,"50":2,"51":2,"52":2,"53":2,"54":2,"55":3},"f":{"0":11,"1":2,"2":2,"3":3,"4":11,"5":9,"6":9,"7":9,"8":5,"9":2,"10":2,"11":3},"b":{"0":[1],"1":[1,10],"2":[11,1],"3":[1,10],"4":[11,1],"5":[2,9],"6":[8,1],"7":[4,1],"8":[3,2]},"_coverageSchema":"1a1c01bbd47fc00a2c39e90264f33305004495a9","hash":"411ea95d0d140a3bd53eaa661a81c1196cf9982e"}
,"/Users/abeyahc/github/CSC308/backend/models/User.js": {"path":"/Users/abeyahc/github/CSC308/backend/models/User.js","statementMap":{"0":{"start":{"line":6,"column":23},"end":{"line":6,"column":45}},"1":{"start":{"line":8,"column":26},"end":{"line":281,"column":1}},"2":{"start":{"line":10,"column":4},"end":{"line":10,"column":32}},"3":{"start":{"line":10,"column":19},"end":{"line":10,"column":32}},"4":{"start":{"line":11,"column":4},"end":{"line":11,"column":41}},"5":{"start":{"line":15,"column":18},"end":{"line":18,"column":5}},"6":{"start":{"line":20,"column":4},"end":{"line":26,"column":5}},"7":{"start":{"line":21,"column":23},"end":{"line":21,"column":58}},"8":{"start":{"line":22,"column":6},"end":{"line":22,"column":29}},"9":{"start":{"line":24,"column":6},"end":{"line":24,"column":71}},"10":{"start":{"line":25,"column":6},"end":{"line":25,"column":18}},"11":{"start":{"line":29,"column":4},"end":{"line":31,"column":5}},"12":{"start":{"line":30,"column":6},"end":{"line":30,"column":18}},"13":{"start":{"line":33,"column":18},"end":{"line":35,"column":5}},"14":{"start":{"line":36,"column":19},"end":{"line":36,"column":29}},"15":{"start":{"line":38,"column":4},"end":{"line":60,"column":5}},"16":{"start":{"line":39,"column":23},"end":{"line":39,"column":54}},"17":{"start":{"line":40,"column":6},"end":{"line":42,"column":7}},"18":{"start":{"line":41,"column":8},"end":{"line":41,"column":20}},"19":{"start":{"line":44,"column":19},"end":{"line":44,"column":26}},"20":{"start":{"line":45,"column":30},"end":{"line":48,"column":7}},"21":{"start":{"line":50,"column":6},"end":{"line":52,"column":7}},"22":{"start":{"line":51,"column":8},"end":{"line":51,"column":20}},"23":{"start":{"line":54,"column":6},"end":{"line":56,"column":8}},"24":{"start":{"line":58,"column":6},"end":{"line":58,"column":59}},"25":{"start":{"line":59,"column":6},"end":{"line":59,"column":18}},"26":{"start":{"line":64,"column":4},"end":{"line":66,"column":5}},"27":{"start":{"line":65,"column":6},"end":{"line":65,"column":49}},"28":{"start":{"line":68,"column":4},"end":{"line":70,"column":5}},"29":{"start":{"line":69,"column":6},"end":{"line":69,"column":49}},"30":{"start":{"line":72,"column":4},"end":{"line":72,"column":47}},"31":{"start":{"line":74,"column":18},"end":{"line":80,"column":5}},"32":{"start":{"line":82,"column":19},"end":{"line":96,"column":5}},"33":{"start":{"line":98,"column":4},"end":{"line":104,"column":5}},"34":{"start":{"line":99,"column":21},"end":{"line":99,"column":52}},"35":{"start":{"line":100,"column":6},"end":{"line":100,"column":28}},"36":{"start":{"line":102,"column":6},"end":{"line":102,"column":57}},"37":{"start":{"line":103,"column":6},"end":{"line":103,"column":18}},"38":{"start":{"line":108,"column":18},"end":{"line":113,"column":5}},"39":{"start":{"line":115,"column":4},"end":{"line":121,"column":5}},"40":{"start":{"line":116,"column":23},"end":{"line":116,"column":55}},"41":{"start":{"line":117,"column":6},"end":{"line":117,"column":29}},"42":{"start":{"line":119,"column":6},"end":{"line":119,"column":67}},"43":{"start":{"line":120,"column":6},"end":{"line":120,"column":18}},"44":{"start":{"line":125,"column":18},"end":{"line":130,"column":5}},"45":{"start":{"line":132,"column":4},"end":{"line":138,"column":5}},"46":{"start":{"line":133,"column":23},"end":{"line":133,"column":46}},"47":{"start":{"line":134,"column":6},"end":{"line":134,"column":18}},"48":{"start":{"line":136,"column":6},"end":{"line":136,"column":61}},"49":{"start":{"line":137,"column":6},"end":{"line":137,"column":18}},"50":{"start":{"line":142,"column":18},"end":{"line":147,"column":5}},"51":{"start":{"line":149,"column":4},"end":{"line":155,"column":5}},"52":{"start":{"line":150,"column":23},"end":{"line":150,"column":58}},"53":{"start":{"line":151,"column":6},"end":{"line":151,"column":29}},"54":{"start":{"line":153,"column":6},"end":{"line":153,"column":69}},"55":{"start":{"line":154,"column":6},"end":{"line":154,"column":18}},"56":{"start":{"line":159,"column":26},"end":{"line":170,"column":5}},"57":{"start":{"line":172,"column":25},"end":{"line":172,"column":27}},"58":{"start":{"line":173,"column":19},"end":{"line":173,"column":21}},"59":{"start":{"line":174,"column":21},"end":{"line":174,"column":22}},"60":{"start":{"line":176,"column":4},"end":{"line":181,"column":5}},"61":{"start":{"line":177,"column":6},"end":{"line":180,"column":7}},"62":{"start":{"line":178,"column":8},"end":{"line":178,"column":55}},"63":{"start":{"line":179,"column":8},"end":{"line":179,"column":27}},"64":{"start":{"line":183,"column":4},"end":{"line":185,"column":5}},"65":{"start":{"line":184,"column":6},"end":{"line":184,"column":18}},"66":{"start":{"line":187,"column":4},"end":{"line":187,"column":44}},"67":{"start":{"line":188,"column":4},"end":{"line":188,"column":26}},"68":{"start":{"line":190,"column":18},"end":{"line":196,"column":5}},"69":{"start":{"line":198,"column":4},"end":{"line":204,"column":5}},"70":{"start":{"line":199,"column":23},"end":{"line":199,"column":54}},"71":{"start":{"line":200,"column":6},"end":{"line":200,"column":29}},"72":{"start":{"line":202,"column":6},"end":{"line":202,"column":62}},"73":{"start":{"line":203,"column":6},"end":{"line":203,"column":18}},"74":{"start":{"line":208,"column":18},"end":{"line":211,"column":5}},"75":{"start":{"line":213,"column":4},"end":{"line":219,"column":5}},"76":{"start":{"line":214,"column":23},"end":{"line":214,"column":58}},"77":{"start":{"line":215,"column":6},"end":{"line":215,"column":29}},"78":{"start":{"line":217,"column":6},"end":{"line":217,"column":62}},"79":{"start":{"line":218,"column":6},"end":{"line":218,"column":18}},"80":{"start":{"line":223,"column":18},"end":{"line":225,"column":5}},"81":{"start":{"line":226,"column":4},"end":{"line":232,"column":5}},"82":{"start":{"line":227,"column":23},"end":{"line":227,"column":58}},"83":{"start":{"line":228,"column":6},"end":{"line":228,"column":53}},"84":{"start":{"line":230,"column":6},"end":{"line":230,"column":78}},"85":{"start":{"line":231,"column":6},"end":{"line":231,"column":18}},"86":{"start":{"line":236,"column":18},"end":{"line":241,"column":5}},"87":{"start":{"line":242,"column":4},"end":{"line":251,"column":5}},"88":{"start":{"line":243,"column":23},"end":{"line":243,"column":71}},"89":{"start":{"line":244,"column":6},"end":{"line":244,"column":55}},"90":{"start":{"line":246,"column":6},"end":{"line":249,"column":8}},"91":{"start":{"line":250,"column":6},"end":{"line":250,"column":18}},"92":{"start":{"line":255,"column":18},"end":{"line":255,"column":71}},"93":{"start":{"line":256,"column":21},"end":{"line":256,"column":56}},"94":{"start":{"line":257,"column":4},"end":{"line":257,"column":42}},"95":{"start":{"line":261,"column":18},"end":{"line":266,"column":5}},"96":{"start":{"line":267,"column":21},"end":{"line":267,"column":70}},"97":{"start":{"line":268,"column":4},"end":{"line":268,"column":27}},"98":{"start":{"line":272,"column":18},"end":{"line":277,"column":5}},"99":{"start":{"line":278,"column":21},"end":{"line":278,"column":63}},"100":{"start":{"line":279,"column":4},"end":{"line":279,"column":27}}},"fnMap":{"0":{"name":"(anonymous_0)","decl":{"start":{"line":9,"column":2},"end":{"line":9,"column":3}},"loc":{"start":{"line":9,"column":35},"end":{"line":12,"column":3}},"line":9},"1":{"name":"(anonymous_1)","decl":{"start":{"line":14,"column":2},"end":{"line":14,"column":3}},"loc":{"start":{"line":14,"column":38},"end":{"line":27,"column":3}},"line":14},"2":{"name":"(anonymous_2)","decl":{"start":{"line":28,"column":2},"end":{"line":28,"column":3}},"loc":{"start":{"line":28,"column":41},"end":{"line":61,"column":3}},"line":28},"3":{"name":"(anonymous_3)","decl":{"start":{"line":63,"column":2},"end":{"line":63,"column":3}},"loc":{"start":{"line":63,"column":50},"end":{"line":105,"column":3}},"line":63},"4":{"name":"(anonymous_4)","decl":{"start":{"line":107,"column":2},"end":{"line":107,"column":3}},"loc":{"start":{"line":107,"column":31},"end":{"line":122,"column":3}},"line":107},"5":{"name":"(anonymous_5)","decl":{"start":{"line":124,"column":2},"end":{"line":124,"column":3}},"loc":{"start":{"line":124,"column":20},"end":{"line":139,"column":3}},"line":124},"6":{"name":"(anonymous_6)","decl":{"start":{"line":141,"column":2},"end":{"line":141,"column":3}},"loc":{"start":{"line":141,"column":36},"end":{"line":156,"column":3}},"line":141},"7":{"name":"(anonymous_7)","decl":{"start":{"line":158,"column":2},"end":{"line":158,"column":3}},"loc":{"start":{"line":158,"column":41},"end":{"line":205,"column":3}},"line":158},"8":{"name":"(anonymous_8)","decl":{"start":{"line":207,"column":2},"end":{"line":207,"column":3}},"loc":{"start":{"line":207,"column":29},"end":{"line":220,"column":3}},"line":207},"9":{"name":"(anonymous_9)","decl":{"start":{"line":222,"column":2},"end":{"line":222,"column":3}},"loc":{"start":{"line":222,"column":45},"end":{"line":233,"column":3}},"line":222},"10":{"name":"(anonymous_10)","decl":{"start":{"line":235,"column":2},"end":{"line":235,"column":3}},"loc":{"start":{"line":235,"column":61},"end":{"line":252,"column":3}},"line":235},"11":{"name":"(anonymous_11)","decl":{"start":{"line":254,"column":1},"end":{"line":254,"column":2}},"loc":{"start":{"line":254,"column":43},"end":{"line":258,"column":3}},"line":254},"12":{"name":"(anonymous_12)","decl":{"start":{"line":260,"column":2},"end":{"line":260,"column":3}},"loc":{"start":{"line":260,"column":61},"end":{"line":269,"column":3}},"line":260},"13":{"name":"(anonymous_13)","decl":{"start":{"line":271,"column":2},"end":{"line":271,"column":3}},"loc":{"start":{"line":271,"column":47},"end":{"line":280,"column":3}},"line":271}},"branchMap":{"0":{"loc":{"start":{"line":10,"column":4},"end":{"line":10,"column":32}},"type":"if","locations":[{"start":{"line":10,"column":4},"end":{"line":10,"column":32}},{"start":{},"end":{}}],"line":10},"1":{"loc":{"start":{"line":29,"column":4},"end":{"line":31,"column":5}},"type":"if","locations":[{"start":{"line":29,"column":4},"end":{"line":31,"column":5}},{"start":{},"end":{}}],"line":29},"2":{"loc":{"start":{"line":40,"column":6},"end":{"line":42,"column":7}},"type":"if","locations":[{"start":{"line":40,"column":6},"end":{"line":42,"column":7}},{"start":{},"end":{}}],"line":40},"3":{"loc":{"start":{"line":50,"column":6},"end":{"line":52,"column":7}},"type":"if","locations":[{"start":{"line":50,"column":6},"end":{"line":52,"column":7}},{"start":{},"end":{}}],"line":50},"4":{"loc":{"start":{"line":64,"column":4},"end":{"line":66,"column":5}},"type":"if","locations":[{"start":{"line":64,"column":4},"end":{"line":66,"column":5}},{"start":{},"end":{}}],"line":64},"5":{"loc":{"start":{"line":68,"column":4},"end":{"line":70,"column":5}},"type":"if","locations":[{"start":{"line":68,"column":4},"end":{"line":70,"column":5}},{"start":{},"end":{}}],"line":68},"6":{"loc":{"start":{"line":117,"column":13},"end":{"line":117,"column":28}},"type":"binary-expr","locations":[{"start":{"line":117,"column":13},"end":{"line":117,"column":20}},{"start":{"line":117,"column":24},"end":{"line":117,"column":28}}],"line":117},"7":{"loc":{"start":{"line":151,"column":13},"end":{"line":151,"column":28}},"type":"binary-expr","locations":[{"start":{"line":151,"column":13},"end":{"line":151,"column":20}},{"start":{"line":151,"column":24},"end":{"line":151,"column":28}}],"line":151},"8":{"loc":{"start":{"line":177,"column":6},"end":{"line":180,"column":7}},"type":"if","locations":[{"start":{"line":177,"column":6},"end":{"line":180,"column":7}},{"start":{},"end":{}}],"line":177},"9":{"loc":{"start":{"line":177,"column":10},"end":{"line":177,"column":60}},"type":"binary-expr","locations":[{"start":{"line":177,"column":10},"end":{"line":177,"column":37}},{"start":{"line":177,"column":41},"end":{"line":177,"column":60}}],"line":177},"10":{"loc":{"start":{"line":183,"column":4},"end":{"line":185,"column":5}},"type":"if","locations":[{"start":{"line":183,"column":4},"end":{"line":185,"column":5}},{"start":{},"end":{}}],"line":183},"11":{"loc":{"start":{"line":200,"column":13},"end":{"line":200,"column":28}},"type":"binary-expr","locations":[{"start":{"line":200,"column":13},"end":{"line":200,"column":20}},{"start":{"line":200,"column":24},"end":{"line":200,"column":28}}],"line":200},"12":{"loc":{"start":{"line":228,"column":13},"end":{"line":228,"column":52}},"type":"binary-expr","locations":[{"start":{"line":228,"column":13},"end":{"line":228,"column":46}},{"start":{"line":228,"column":50},"end":{"line":228,"column":52}}],"line":228},"13":{"loc":{"start":{"line":244,"column":13},"end":{"line":244,"column":54}},"type":"binary-expr","locations":[{"start":{"line":244,"column":13},"end":{"line":244,"column":46}},{"start":{"line":244,"column":50},"end":{"line":244,"column":54}}],"line":244},"14":{"loc":{"start":{"line":257,"column":11},"end":{"line":257,"column":41}},"type":"binary-expr","locations":[{"start":{"line":257,"column":11},"end":{"line":257,"column":33}},{"start":{"line":257,"column":37},"end":{"line":257,"column":41}}],"line":257},"15":{"loc":{"start":{"line":279,"column":11},"end":{"line":279,"column":26}},"type":"binary-expr","locations":[{"start":{"line":279,"column":11},"end":{"line":279,"column":18}},{"start":{"line":279,"column":22},"end":{"line":279,"column":26}}],"line":279}},"s":{"0":1,"1":1,"2":0,"3":0,"4":0,"5":0,"6":0,"7":0,"8":0,"9":0,"10":0,"11":0,"12":0,"13":0,"14":0,"15":0,"16":0,"17":0,"18":0,"19":0,"20":0,"21":0,"22":0,"23":0,"24":0,"25":0,"26":0,"27":0,"28":0,"29":0,"30":0,"31":0,"32":0,"33":0,"34":0,"35":0,"36":0,"37":0,"38":0,"39":0,"40":0,"41":0,"42":0,"43":0,"44":0,"45":0,"46":0,"47":0,"48":0,"49":0,"50":0,"51":0,"52":0,"53":0,"54":0,"55":0,"56":0,"57":0,"58":0,"59":0,"60":0,"61":0,"62":0,"63":0,"64":0,"65":0,"66":0,"67":0,"68":0,"69":0,"70":0,"71":0,"72":0,"73":0,"74":0,"75":0,"76":0,"77":0,"78":0,"79":0,"80":0,"81":0,"82":0,"83":0,"84":0,"85":0,"86":0,"87":0,"88":0,"89":0,"90":0,"91":0,"92":0,"93":0,"94":0,"95":0,"96":0,"97":0,"98":0,"99":0,"100":0},"f":{"0":0,"1":0,"2":0,"3":0,"4":0,"5":0,"6":0,"7":0,"8":0,"9":0,"10":0,"11":0,"12":0,"13":0},"b":{"0":[0,0],"1":[0,0],"2":[0,0],"3":[0,0],"4":[0,0],"5":[0,0],"6":[0,0],"7":[0,0],"8":[0,0],"9":[0,0],"10":[0,0],"11":[0,0],"12":[0,0],"13":[0,0],"14":[0,0],"15":[0,0]},"_coverageSchema":"1a1c01bbd47fc00a2c39e90264f33305004495a9","hash":"0e79ff13c911eeb5a3c7e8cba724212010844092"}
,"/Users/abeyahc/github/CSC308/backend/models/index.js": {"path":"/Users/abeyahc/github/CSC308/backend/models/index.js","statementMap":{"0":{"start":{"line":8,"column":24},"end":{"line":15,"column":1}}},"fnMap":{},"branchMap":{},"s":{"0":1},"f":{},"b":{},"_coverageSchema":"1a1c01bbd47fc00a2c39e90264f33305004495a9","hash":"4a6723ecc431405527fea402a38bc3da1b9b35e0"}
,"/Users/abeyahc/github/CSC308/backend/models/media.js": {"path":"/Users/abeyahc/github/CSC308/backend/models/media.js","statementMap":{"0":{"start":{"line":11,"column":12},"end":{"line":11,"column":29}},"1":{"start":{"line":12,"column":2},"end":{"line":13,"column":61}},"2":{"start":{"line":13,"column":4},"end":{"line":13,"column":61}},"3":{"start":{"line":14,"column":2},"end":{"line":14,"column":26}},"4":{"start":{"line":18,"column":17},"end":{"line":18,"column":34}},"5":{"start":{"line":19,"column":22},"end":{"line":19,"column":46}},"6":{"start":{"line":20,"column":26},"end":{"line":20,"column":54}},"7":{"start":{"line":22,"column":26},"end":{"line":22,"column":55}},"8":{"start":{"line":24,"column":4},"end":{"line":26,"column":17}},"9":{"start":{"line":28,"column":22},"end":{"line":30,"column":38}},"10":{"start":{"line":32,"column":2},"end":{"line":32,"column":47}},"11":{"start":{"line":35,"column":16},"end":{"line":57,"column":1}},"12":{"start":{"line":60,"column":14},"end":{"line":68,"column":3}},"13":{"start":{"line":69,"column":2},"end":{"line":69,"column":35}},"14":{"start":{"line":73,"column":14},"end":{"line":73,"column":40}},"15":{"start":{"line":74,"column":2},"end":{"line":74,"column":22}},"16":{"start":{"line":74,"column":12},"end":{"line":74,"column":22}},"17":{"start":{"line":75,"column":2},"end":{"line":75,"column":76}},"18":{"start":{"line":75,"column":65},"end":{"line":75,"column":76}},"19":{"start":{"line":77,"column":2},"end":{"line":83,"column":3}},"20":{"start":{"line":78,"column":19},"end":{"line":78,"column":31}},"21":{"start":{"line":79,"column":21},"end":{"line":79,"column":42}},"22":{"start":{"line":80,"column":4},"end":{"line":80,"column":60}},"23":{"start":{"line":82,"column":4},"end":{"line":82,"column":14}},"24":{"start":{"line":87,"column":2},"end":{"line":122,"column":3}},"25":{"start":{"line":88,"column":52},"end":{"line":88,"column":60}},"26":{"start":{"line":90,"column":17},"end":{"line":90,"column":30}},"27":{"start":{"line":91,"column":4},"end":{"line":91,"column":70}},"28":{"start":{"line":91,"column":15},"end":{"line":91,"column":70}},"29":{"start":{"line":92,"column":4},"end":{"line":93,"column":68}},"30":{"start":{"line":93,"column":6},"end":{"line":93,"column":68}},"31":{"start":{"line":94,"column":4},"end":{"line":95,"column":63}},"32":{"start":{"line":95,"column":6},"end":{"line":95,"column":63}},"33":{"start":{"line":96,"column":4},"end":{"line":96,"column":75}},"34":{"start":{"line":96,"column":17},"end":{"line":96,"column":75}},"35":{"start":{"line":98,"column":19},"end":{"line":98,"column":35}},"36":{"start":{"line":99,"column":19},"end":{"line":99,"column":36}},"37":{"start":{"line":101,"column":16},"end":{"line":101,"column":82}},"38":{"start":{"line":103,"column":15},"end":{"line":103,"column":29}},"39":{"start":{"line":105,"column":20},"end":{"line":109,"column":6}},"40":{"start":{"line":111,"column":22},"end":{"line":111,"column":73}},"41":{"start":{"line":113,"column":20},"end":{"line":113,"column":73}},"42":{"start":{"line":115,"column":4},"end":{"line":115,"column":49}},"43":{"start":{"line":117,"column":4},"end":{"line":117,"column":43}},"44":{"start":{"line":118,"column":4},"end":{"line":121,"column":7}},"45":{"start":{"line":126,"column":2},"end":{"line":151,"column":3}},"46":{"start":{"line":127,"column":40},"end":{"line":127,"column":54}},"47":{"start":{"line":128,"column":22},"end":{"line":128,"column":45}},"48":{"start":{"line":129,"column":4},"end":{"line":130,"column":72}},"49":{"start":{"line":130,"column":6},"end":{"line":130,"column":72}},"50":{"start":{"line":132,"column":19},"end":{"line":132,"column":35}},"51":{"start":{"line":133,"column":15},"end":{"line":133,"column":29}},"52":{"start":{"line":134,"column":20},"end":{"line":137,"column":6}},"53":{"start":{"line":139,"column":16},"end":{"line":139,"column":62}},"54":{"start":{"line":140,"column":20},"end":{"line":142,"column":6}},"55":{"start":{"line":144,"column":4},"end":{"line":144,"column":49}},"56":{"start":{"line":146,"column":4},"end":{"line":146,"column":43}},"57":{"start":{"line":147,"column":4},"end":{"line":150,"column":7}}},"fnMap":{"0":{"name":"env","decl":{"start":{"line":10,"column":9},"end":{"line":10,"column":12}},"loc":{"start":{"line":10,"column":19},"end":{"line":15,"column":1}},"line":10},"1":{"name":"makeS3Client","decl":{"start":{"line":17,"column":9},"end":{"line":17,"column":21}},"loc":{"start":{"line":17,"column":24},"end":{"line":33,"column":1}},"line":17},"2":{"name":"extFromType","decl":{"start":{"line":59,"column":9},"end":{"line":59,"column":20}},"loc":{"start":{"line":59,"column":34},"end":{"line":70,"column":1}},"line":59},"3":{"name":"toS3Key","decl":{"start":{"line":72,"column":9},"end":{"line":72,"column":16}},"loc":{"start":{"line":72,"column":29},"end":{"line":84,"column":1}},"line":72},"4":{"name":"presignUpload","decl":{"start":{"line":86,"column":22},"end":{"line":86,"column":35}},"loc":{"start":{"line":86,"column":46},"end":{"line":123,"column":1}},"line":86},"5":{"name":"presignView","decl":{"start":{"line":125,"column":22},"end":{"line":125,"column":33}},"loc":{"start":{"line":125,"column":44},"end":{"line":152,"column":1}},"line":125}},"branchMap":{"0":{"loc":{"start":{"line":12,"column":2},"end":{"line":13,"column":61}},"type":"if","locations":[{"start":{"line":12,"column":2},"end":{"line":13,"column":61}},{"start":{},"end":{}}],"line":12},"1":{"loc":{"start":{"line":12,"column":6},"end":{"line":12,"column":29}},"type":"binary-expr","locations":[{"start":{"line":12,"column":6},"end":{"line":12,"column":8}},{"start":{"line":12,"column":12},"end":{"line":12,"column":29}}],"line":12},"2":{"loc":{"start":{"line":24,"column":4},"end":{"line":26,"column":17}},"type":"cond-expr","locations":[{"start":{"line":25,"column":8},"end":{"line":25,"column":38}},{"start":{"line":26,"column":8},"end":{"line":26,"column":17}}],"line":24},"3":{"loc":{"start":{"line":24,"column":4},"end":{"line":24,"column":53}},"type":"binary-expr","locations":[{"start":{"line":24,"column":4},"end":{"line":24,"column":19}},{"start":{"line":24,"column":23},"end":{"line":24,"column":53}}],"line":24},"4":{"loc":{"start":{"line":28,"column":22},"end":{"line":30,"column":38}},"type":"cond-expr","locations":[{"start":{"line":29,"column":6},"end":{"line":29,"column":52}},{"start":{"line":30,"column":6},"end":{"line":30,"column":38}}],"line":28},"5":{"loc":{"start":{"line":69,"column":9},"end":{"line":69,"column":34}},"type":"binary-expr","locations":[{"start":{"line":69,"column":9},"end":{"line":69,"column":25}},{"start":{"line":69,"column":29},"end":{"line":69,"column":34}}],"line":69},"6":{"loc":{"start":{"line":72,"column":17},"end":{"line":72,"column":27}},"type":"default-arg","locations":[{"start":{"line":72,"column":25},"end":{"line":72,"column":27}}],"line":72},"7":{"loc":{"start":{"line":73,"column":21},"end":{"line":73,"column":32}},"type":"binary-expr","locations":[{"start":{"line":73,"column":21},"end":{"line":73,"column":26}},{"start":{"line":73,"column":30},"end":{"line":73,"column":32}}],"line":73},"8":{"loc":{"start":{"line":74,"column":2},"end":{"line":74,"column":22}},"type":"if","locations":[{"start":{"line":74,"column":2},"end":{"line":74,"column":22}},{"start":{},"end":{}}],"line":74},"9":{"loc":{"start":{"line":75,"column":2},"end":{"line":75,"column":76}},"type":"if","locations":[{"start":{"line":75,"column":2},"end":{"line":75,"column":76}},{"start":{},"end":{}}],"line":75},"10":{"loc":{"start":{"line":75,"column":6},"end":{"line":75,"column":63}},"type":"binary-expr","locations":[{"start":{"line":75,"column":6},"end":{"line":75,"column":32}},{"start":{"line":75,"column":36},"end":{"line":75,"column":63}}],"line":75},"11":{"loc":{"start":{"line":79,"column":21},"end":{"line":79,"column":42}},"type":"binary-expr","locations":[{"start":{"line":79,"column":21},"end":{"line":79,"column":36}},{"start":{"line":79,"column":40},"end":{"line":79,"column":42}}],"line":79},"12":{"loc":{"start":{"line":91,"column":4},"end":{"line":91,"column":70}},"type":"if","locations":[{"start":{"line":91,"column":4},"end":{"line":91,"column":70}},{"start":{},"end":{}}],"line":91},"13":{"loc":{"start":{"line":92,"column":4},"end":{"line":93,"column":68}},"type":"if","locations":[{"start":{"line":92,"column":4},"end":{"line":93,"column":68}},{"start":{},"end":{}}],"line":92},"14":{"loc":{"start":{"line":94,"column":4},"end":{"line":95,"column":63}},"type":"if","locations":[{"start":{"line":94,"column":4},"end":{"line":95,"column":63}},{"start":{},"end":{}}],"line":94},"15":{"loc":{"start":{"line":96,"column":4},"end":{"line":96,"column":75}},"type":"if","locations":[{"start":{"line":96,"column":4},"end":{"line":96,"column":75}},{"start":{},"end":{}}],"line":96},"16":{"loc":{"start":{"line":120,"column":15},"end":{"line":120,"column":38}},"type":"binary-expr","locations":[{"start":{"line":120,"column":15},"end":{"line":120,"column":25}},{"start":{"line":120,"column":29},"end":{"line":120,"column":38}}],"line":120},"17":{"loc":{"start":{"line":127,"column":40},"end":{"line":127,"column":54}},"type":"binary-expr","locations":[{"start":{"line":127,"column":40},"end":{"line":127,"column":48}},{"start":{"line":127,"column":52},"end":{"line":127,"column":54}}],"line":127},"18":{"loc":{"start":{"line":128,"column":30},"end":{"line":128,"column":44}},"type":"binary-expr","locations":[{"start":{"line":128,"column":30},"end":{"line":128,"column":33}},{"start":{"line":128,"column":37},"end":{"line":128,"column":44}}],"line":128},"19":{"loc":{"start":{"line":129,"column":4},"end":{"line":130,"column":72}},"type":"if","locations":[{"start":{"line":129,"column":4},"end":{"line":130,"column":72}},{"start":{},"end":{}}],"line":129},"20":{"loc":{"start":{"line":139,"column":16},"end":{"line":139,"column":62}},"type":"cond-expr","locations":[{"start":{"line":139,"column":46},"end":{"line":139,"column":55}},{"start":{"line":139,"column":58},"end":{"line":139,"column":62}}],"line":139},"21":{"loc":{"start":{"line":149,"column":15},"end":{"line":149,"column":38}},"type":"binary-expr","locations":[{"start":{"line":149,"column":15},"end":{"line":149,"column":25}},{"start":{"line":149,"column":29},"end":{"line":149,"column":38}}],"line":149}},"s":{"0":114,"1":114,"2":2,"3":112,"4":24,"5":24,"6":24,"7":24,"8":24,"9":24,"10":24,"11":1,"12":16,"13":16,"14":13,"15":13,"16":3,"17":10,"18":8,"19":2,"20":2,"21":1,"22":1,"23":1,"24":22,"25":22,"26":22,"27":22,"28":1,"29":21,"30":1,"31":20,"32":2,"33":18,"34":1,"35":17,"36":16,"37":16,"38":16,"39":16,"40":16,"41":14,"42":14,"43":3,"44":3,"45":13,"46":13,"47":13,"48":13,"49":4,"50":9,"51":8,"52":8,"53":8,"54":8,"55":6,"56":3,"57":3},"f":{"0":114,"1":24,"2":16,"3":13,"4":22,"5":13},"b":{"0":[2,112],"1":[114,112],"2":[10,14],"3":[24,10],"4":[10,14],"5":[16,0],"6":[2],"7":[13,3],"8":[3,10],"9":[8,2],"10":[10,10],"11":[1,0],"12":[1,21],"13":[1,20],"14":[2,18],"15":[1,17],"16":[3,1],"17":[13,1],"18":[13,5],"19":[4,9],"20":[3,5],"21":[3,1]},"_coverageSchema":"1a1c01bbd47fc00a2c39e90264f33305004495a9","hash":"232041f4c951b95f89a41d52479c50a4e5441060"}
}
