TN:
SF:app.js
FN:8,createApp
FN:21,(anonymous_1)
FN:31,validateUserInteraction
FN:51,(anonymous_3)
FN:141,(anonymous_4)
FN:147,(anonymous_5)
FN:157,(anonymous_6)
FN:199,(anonymous_7)
FN:213,(anonymous_8)
FN:223,(anonymous_9)
FN:247,(anonymous_10)
FN:290,(anonymous_11)
FN:314,(anonymous_12)
FN:340,(anonymous_13)
FN:377,(anonymous_14)
FN:404,(anonymous_15)
FN:409,(anonymous_16)
FN:414,(anonymous_17)
FN:423,(anonymous_18)
FN:435,(anonymous_19)
FN:444,(anonymous_20)
FN:451,(anonymous_21)
FN:459,(anonymous_22)
FN:471,(anonymous_23)
FN:479,(anonymous_24)
FN:492,(anonymous_25)
FN:528,(anonymous_26)
FN:541,(anonymous_27)
FN:553,(anonymous_28)
FN:558,(anonymous_29)
FN:564,(anonymous_30)
FN:571,(anonymous_31)
FN:578,(anonymous_32)
FN:586,(anonymous_33)
FN:592,(anonymous_34)
FN:600,(anonymous_35)
FN:608,(anonymous_36)
FN:614,(anonymous_37)
FN:622,(anonymous_38)
FN:630,(anonymous_39)
FN:642,(anonymous_40)
FN:650,(anonymous_41)
FN:660,(anonymous_42)
FN:701,(anonymous_43)
FN:735,(anonymous_44)
FN:741,(anonymous_45)
FN:747,(anonymous_46)
FN:754,(anonymous_47)
FN:760,(anonymous_48)
FN:766,(anonymous_49)
FN:774,(anonymous_50)
FN:786,(anonymous_51)
FN:800,(anonymous_52)
FN:817,(anonymous_53)
FN:835,(anonymous_54)
FN:847,(anonymous_55)
FN:860,(anonymous_56)
FN:877,(anonymous_57)
FNF:58
FNH:13
FNDA:1,createApp
FNDA:20,(anonymous_1)
FNDA:0,validateUserInteraction
FNDA:0,(anonymous_3)
FNDA:0,(anonymous_4)
FNDA:0,(anonymous_5)
FNDA:0,(anonymous_6)
FNDA:0,(anonymous_7)
FNDA:0,(anonymous_8)
FNDA:0,(anonymous_9)
FNDA:0,(anonymous_10)
FNDA:0,(anonymous_11)
FNDA:0,(anonymous_12)
FNDA:0,(anonymous_13)
FNDA:0,(anonymous_14)
FNDA:3,(anonymous_15)
FNDA:4,(anonymous_16)
FNDA:2,(anonymous_17)
FNDA:1,(anonymous_18)
FNDA:0,(anonymous_19)
FNDA:1,(anonymous_20)
FNDA:0,(anonymous_21)
FNDA:0,(anonymous_22)
FNDA:1,(anonymous_23)
FNDA:3,(anonymous_24)
FNDA:2,(anonymous_25)
FNDA:1,(anonymous_26)
FNDA:1,(anonymous_27)
FNDA:1,(anonymous_28)
FNDA:0,(anonymous_29)
FNDA:0,(anonymous_30)
FNDA:0,(anonymous_31)
FNDA:0,(anonymous_32)
FNDA:0,(anonymous_33)
FNDA:0,(anonymous_34)
FNDA:0,(anonymous_35)
FNDA:0,(anonymous_36)
FNDA:0,(anonymous_37)
FNDA:0,(anonymous_38)
FNDA:0,(anonymous_39)
FNDA:0,(anonymous_40)
FNDA:0,(anonymous_41)
FNDA:0,(anonymous_42)
FNDA:0,(anonymous_43)
FNDA:0,(anonymous_44)
FNDA:0,(anonymous_45)
FNDA:0,(anonymous_46)
FNDA:0,(anonymous_47)
FNDA:0,(anonymous_48)
FNDA:0,(anonymous_49)
FNDA:0,(anonymous_50)
FNDA:0,(anonymous_51)
FNDA:0,(anonymous_52)
FNDA:0,(anonymous_53)
FNDA:0,(anonymous_54)
FNDA:0,(anonymous_55)
FNDA:0,(anonymous_56)
FNDA:0,(anonymous_57)
DA:9,1
DA:13,1
DA:19,1
DA:22,20
DA:23,0
DA:28,1
DA:32,0
DA:33,0
DA:34,0
DA:37,0
DA:38,0
DA:39,0
DA:47,0
DA:51,1
DA:141,1
DA:142,0
DA:143,0
DA:147,1
DA:148,0
DA:149,0
DA:150,0
DA:152,0
DA:157,1
DA:158,0
DA:159,0
DA:160,0
DA:178,0
DA:180,0
DA:199,1
DA:200,0
DA:204,0
DA:205,0
DA:206,0
DA:208,0
DA:213,1
DA:214,0
DA:215,0
DA:216,0
DA:218,0
DA:223,1
DA:224,0
DA:225,0
DA:229,0
DA:230,0
DA:232,0
DA:235,0
DA:236,0
DA:241,1
DA:242,1
DA:243,1
DA:247,1
DA:248,0
DA:249,0
DA:254,0
DA:255,0
DA:258,0
DA:259,0
DA:260,0
DA:262,0
DA:263,0
DA:270,0
DA:271,0
DA:279,0
DA:282,0
DA:284,0
DA:285,0
DA:290,1
DA:291,0
DA:292,0
DA:296,0
DA:297,0
DA:302,0
DA:306,0
DA:308,0
DA:309,0
DA:314,1
DA:315,0
DA:316,0
DA:320,0
DA:321,0
DA:326,0
DA:330,0
DA:332,0
DA:333,0
DA:338,1
DA:341,0
DA:342,0
DA:343,0
DA:344,0
DA:345,0
DA:348,0
DA:352,0
DA:353,0
DA:358,0
DA:364,0
DA:365,0
DA:368,0
DA:370,0
DA:371,0
DA:377,1
DA:378,0
DA:379,0
DA:380,0
DA:381,0
DA:384,0
DA:385,0
DA:387,0
DA:388,0
DA:404,1
DA:405,3
DA:406,3
DA:409,1
DA:410,4
DA:411,4
DA:414,1
DA:415,2
DA:416,2
DA:417,1
DA:419,1
DA:423,1
DA:424,1
DA:428,1
DA:429,1
DA:431,0
DA:435,1
DA:436,0
DA:437,0
DA:438,0
DA:440,0
DA:444,1
DA:445,1
DA:448,1
DA:451,1
DA:452,0
DA:456,0
DA:459,1
DA:460,0
DA:464,0
DA:465,0
DA:467,0
DA:471,1
DA:472,1
DA:476,1
DA:479,1
DA:480,3
DA:484,3
DA:485,1
DA:487,2
DA:492,1
DA:493,2
DA:495,2
DA:496,2
DA:497,2
DA:499,2
DA:500,2
DA:501,2
DA:505,2
DA:506,5
DA:507,5
DA:508,5
DA:510,3
DA:518,0
DA:521,2
DA:523,0
DA:524,0
DA:528,1
DA:529,1
DA:534,1
DA:535,1
DA:537,0
DA:541,1
DA:542,1
DA:546,1
DA:547,1
DA:549,0
DA:553,1
DA:554,1
DA:555,1
DA:558,1
DA:559,0
DA:560,0
DA:564,1
DA:565,0
DA:568,0
DA:571,1
DA:572,0
DA:575,0
DA:578,1
DA:579,0
DA:582,0
DA:583,0
DA:586,1
DA:587,0
DA:588,0
DA:592,1
DA:593,0
DA:596,0
DA:600,1
DA:601,0
DA:604,0
DA:608,1
DA:609,0
DA:610,0
DA:614,1
DA:615,0
DA:618,0
DA:622,1
DA:623,0
DA:626,0
DA:630,1
DA:631,0
DA:634,0
DA:635,0
DA:637,0
DA:642,1
DA:643,0
DA:646,0
DA:650,1
DA:651,0
DA:655,0
DA:660,1
DA:661,0
DA:662,0
DA:663,0
DA:665,0
DA:666,0
DA:672,0
DA:673,0
DA:676,0
DA:677,0
DA:678,0
DA:680,0
DA:681,0
DA:682,0
DA:684,0
DA:685,0
DA:690,0
DA:691,0
DA:693,0
DA:695,0
DA:696,0
DA:701,1
DA:702,0
DA:703,0
DA:704,0
DA:705,0
DA:707,0
DA:708,0
DA:709,0
DA:710,0
DA:713,0
DA:714,0
DA:717,0
DA:721,0
DA:723,0
DA:725,0
DA:726,0
DA:727,0
DA:729,0
DA:735,1
DA:736,0
DA:737,0
DA:741,1
DA:742,0
DA:743,0
DA:747,1
DA:748,0
DA:749,0
DA:754,1
DA:755,0
DA:756,0
DA:760,1
DA:761,0
DA:762,0
DA:766,1
DA:767,0
DA:768,0
DA:774,1
DA:775,0
DA:776,0
DA:777,0
DA:778,0
DA:780,0
DA:781,0
DA:786,1
DA:787,0
DA:788,0
DA:789,0
DA:792,0
DA:794,0
DA:795,0
DA:800,1
DA:801,0
DA:802,0
DA:803,0
DA:805,0
DA:806,0
DA:809,0
DA:811,0
DA:812,0
DA:817,1
DA:818,0
DA:819,0
DA:820,0
DA:822,0
DA:823,0
DA:825,0
DA:827,0
DA:828,0
DA:835,1
DA:836,0
DA:837,0
DA:838,0
DA:839,0
DA:841,0
DA:842,0
DA:847,1
DA:848,0
DA:849,0
DA:850,0
DA:852,0
DA:854,0
DA:855,0
DA:860,1
DA:861,0
DA:862,0
DA:863,0
DA:865,0
DA:866,0
DA:869,0
DA:871,0
DA:872,0
DA:877,1
DA:878,0
DA:879,0
DA:880,0
DA:882,0
DA:883,0
DA:885,0
DA:887,0
DA:888,0
DA:892,1
LF:342
LH:104
BRDA:22,0,0,20
BRDA:22,0,1,0
BRDA:33,1,0,0
BRDA:33,1,1,0
BRDA:38,2,0,0
BRDA:38,2,1,0
BRDA:149,3,0,0
BRDA:149,3,1,0
BRDA:159,4,0,0
BRDA:159,4,1,0
BRDA:205,5,0,0
BRDA:205,5,1,0
BRDA:215,6,0,0
BRDA:215,6,1,0
BRDA:229,7,0,0
BRDA:229,7,1,0
BRDA:254,8,0,0
BRDA:254,8,1,0
BRDA:266,9,0,0
BRDA:266,9,1,0
BRDA:267,10,0,0
BRDA:267,10,1,0
BRDA:270,11,0,0
BRDA:270,11,1,0
BRDA:275,12,0,0
BRDA:275,12,1,0
BRDA:296,13,0,0
BRDA:296,13,1,0
BRDA:320,14,0,0
BRDA:320,14,1,0
BRDA:344,15,0,0
BRDA:344,15,1,0
BRDA:352,16,0,0
BRDA:352,16,1,0
BRDA:364,17,0,0
BRDA:364,17,1,0
BRDA:380,18,0,0
BRDA:380,18,1,0
BRDA:416,19,0,1
BRDA:416,19,1,1
BRDA:428,20,0,1
BRDA:428,20,1,0
BRDA:437,21,0,0
BRDA:437,21,1,0
BRDA:464,22,0,0
BRDA:464,22,1,0
BRDA:484,23,0,1
BRDA:484,23,1,2
BRDA:501,24,0,2
BRDA:501,24,1,0
BRDA:503,25,0,0
BRDA:503,25,1,0
BRDA:507,26,0,0
BRDA:507,26,1,5
BRDA:508,27,0,2
BRDA:508,27,1,3
BRDA:534,28,0,1
BRDA:534,28,1,0
BRDA:546,29,0,1
BRDA:546,29,1,0
BRDA:582,30,0,0
BRDA:582,30,1,0
BRDA:634,31,0,0
BRDA:634,31,1,0
BRDA:663,32,0,0
BRDA:663,32,1,0
BRDA:665,33,0,0
BRDA:665,33,1,0
BRDA:665,34,0,0
BRDA:665,34,1,0
BRDA:672,35,0,0
BRDA:672,35,1,0
BRDA:672,36,0,0
BRDA:672,36,1,0
BRDA:677,37,0,0
BRDA:677,37,1,0
BRDA:681,38,0,0
BRDA:681,38,1,0
BRDA:690,39,0,0
BRDA:690,39,1,0
BRDA:704,40,0,0
BRDA:704,40,1,0
BRDA:707,41,0,0
BRDA:707,41,1,0
BRDA:709,42,0,0
BRDA:709,42,1,0
BRDA:713,43,0,0
BRDA:713,43,1,0
BRDA:713,44,0,0
BRDA:713,44,1,0
BRDA:721,45,0,0
BRDA:721,45,1,0
BRDA:726,46,0,0
BRDA:726,46,1,0
BRDA:805,47,0,0
BRDA:805,47,1,0
BRDA:822,48,0,0
BRDA:822,48,1,0
BRDA:865,49,0,0
BRDA:865,49,1,0
BRDA:882,50,0,0
BRDA:882,50,1,0
BRF:102
BRH:12
end_of_record
TN:
SF:db/index.js
FN:30,connectToDatabase
FNF:1
FNH:0
FNDA:0,connectToDatabase
DA:5,2
DA:7,2
DA:10,2
DA:12,2
DA:13,2
DA:15,2
DA:16,0
DA:19,2
DA:21,2
DA:23,2
DA:24,0
DA:27,2
DA:31,0
DA:32,0
DA:35,0
DA:39,0
DA:41,0
DA:42,0
LF:18
LH:10
BRDA:10,0,0,2
BRDA:10,0,1,0
BRDA:15,1,0,0
BRDA:15,1,1,2
BRDA:23,2,0,0
BRDA:23,2,1,2
BRF:6
BRH:3
end_of_record
TN:
SF:middleware/authMiddleware.js
FN:3,authenticate
FNF:1
FNH:0
FNDA:0,authenticate
DA:4,0
DA:5,0
DA:7,0
DA:8,0
DA:11,0
DA:13,0
DA:14,0
DA:17,0
DA:18,0
DA:19,0
DA:21,0
DA:22,0
DA:24,0
DA:26,0
DA:27,0
LF:15
LH:0
BRDA:7,0,0,0
BRDA:7,0,1,0
BRDA:13,1,0,0
BRDA:13,1,1,0
BRDA:13,2,0,0
BRDA:13,2,1,0
BRF:6
BRH:0
end_of_record
TN:
SF:models/ConcertMemories.js
FN:4,(anonymous_0)
FN:36,(anonymous_1)
FN:49,(anonymous_2)
FN:85,(anonymous_3)
FNF:4
FNH:4
FNDA:1,(anonymous_0)
FNDA:3,(anonymous_1)
FNDA:4,(anonymous_2)
FNDA:2,(anonymous_3)
DA:3,3
DA:11,1
DA:13,1
DA:20,1
DA:22,1
DA:23,0
DA:25,0
DA:31,0
DA:33,0
DA:37,3
DA:45,3
DA:46,2
DA:50,4
DA:58,4
DA:59,4
DA:60,4
DA:62,4
DA:63,8
DA:64,7
DA:65,7
DA:69,4
DA:71,3
DA:72,3
DA:74,3
DA:81,3
DA:82,2
DA:86,2
DA:91,1
DA:92,1
DA:93,1
LF:30
LH:26
BRDA:10,0,0,1
BRDA:63,1,0,7
BRDA:63,1,1,1
BRDA:63,2,0,8
BRDA:63,2,1,7
BRDA:69,3,0,1
BRDA:69,3,1,3
BRDA:82,4,0,2
BRDA:82,4,1,1
BRF:9
BRH:9
end_of_record
TN:
SF:models/Interactions.js
FN:5,(anonymous_0)
FN:51,(anonymous_1)
FN:76,(anonymous_2)
FN:101,(anonymous_3)
FN:130,(anonymous_4)
FNF:5
FNH:5
FNDA:4,(anonymous_0)
FNDA:3,(anonymous_1)
FNDA:3,(anonymous_2)
FNDA:7,(anonymous_3)
FNDA:4,(anonymous_4)
DA:4,4
DA:6,4
DA:16,4
DA:17,4
DA:18,4
DA:19,3
DA:34,3
DA:35,3
DA:37,3
DA:46,1
DA:47,1
DA:52,3
DA:62,3
DA:63,3
DA:64,3
DA:65,2
DA:71,1
DA:72,1
DA:77,3
DA:87,3
DA:88,3
DA:89,3
DA:90,2
DA:96,1
DA:97,1
DA:102,7
DA:113,7
DA:114,7
DA:119,6
DA:125,1
DA:126,1
DA:131,4
DA:161,4
DA:162,4
DA:163,3
DA:165,1
DA:166,1
LF:37
LH:37
BRDA:40,0,0,1
BRDA:40,0,1,2
BRDA:122,1,0,6
BRDA:122,1,1,2
BRF:4
BRH:4
end_of_record
TN:
SF:models/Messages.js
FN:4,(anonymous_0)
FN:32,(anonymous_1)
FN:72,(anonymous_2)
FN:88,(anonymous_3)
FN:123,(anonymous_4)
FN:141,(anonymous_5)
FN:163,(anonymous_6)
FN:193,(anonymous_7)
FN:209,(anonymous_8)
FN:240,(anonymous_9)
FN:259,(anonymous_10)
FN:291,(anonymous_11)
FN:310,(anonymous_12)
FN:326,(anonymous_13)
FN:371,(anonymous_14)
FNF:15
FNH:15
FNDA:5,(anonymous_0)
FNDA:6,(anonymous_1)
FNDA:4,(anonymous_2)
FNDA:4,(anonymous_3)
FNDA:2,(anonymous_4)
FNDA:4,(anonymous_5)
FNDA:2,(anonymous_6)
FNDA:2,(anonymous_7)
FNDA:3,(anonymous_8)
FNDA:5,(anonymous_9)
FNDA:4,(anonymous_10)
FNDA:3,(anonymous_11)
FNDA:4,(anonymous_12)
FNDA:2,(anonymous_13)
FNDA:1,(anonymous_14)
DA:3,3
DA:5,5
DA:7,5
DA:23,5
DA:24,5
DA:25,5
DA:27,0
DA:28,0
DA:33,6
DA:35,6
DA:36,6
DA:39,6
DA:44,6
DA:49,5
DA:52,5
DA:59,5
DA:60,11
DA:63,5
DA:64,5
DA:66,1
DA:67,1
DA:68,1
DA:73,4
DA:79,4
DA:80,4
DA:81,4
DA:83,0
DA:84,0
DA:89,4
DA:90,4
DA:91,4
DA:92,4
DA:94,4
DA:95,5
DA:96,3
DA:97,3
DA:101,4
DA:102,1
DA:105,3
DA:107,3
DA:114,3
DA:115,3
DA:116,3
DA:118,0
DA:119,0
DA:124,2
DA:125,2
DA:128,2
DA:129,1
DA:130,1
DA:132,1
DA:133,1
DA:135,1
DA:136,1
DA:137,1
DA:142,4
DA:154,4
DA:155,4
DA:156,4
DA:158,0
DA:159,0
DA:164,2
DA:166,2
DA:167,2
DA:169,2
DA:176,2
DA:177,2
DA:178,3
DA:179,2
DA:180,2
DA:184,1
DA:185,1
DA:187,1
DA:188,1
DA:189,1
DA:194,2
DA:200,2
DA:201,2
DA:202,2
DA:204,0
DA:205,0
DA:210,3
DA:212,3
DA:221,3
DA:223,3
DA:224,1
DA:225,1
DA:228,3
DA:229,3
DA:231,3
DA:232,3
DA:233,3
DA:235,0
DA:236,0
DA:241,5
DA:250,5
DA:251,5
DA:252,5
DA:254,0
DA:255,0
DA:260,4
DA:264,4
DA:266,4
DA:267,4
DA:270,4
DA:275,4
DA:280,3
DA:282,3
DA:283,3
DA:285,1
DA:286,1
DA:287,1
DA:292,3
DA:294,3
DA:301,3
DA:302,3
DA:303,3
DA:305,0
DA:306,0
DA:311,4
DA:317,4
DA:318,4
DA:319,3
DA:321,1
DA:322,1
DA:327,2
DA:329,2
DA:330,2
DA:333,2
DA:334,2
DA:336,2
DA:337,0
DA:339,2
DA:342,2
DA:351,2
DA:357,1
DA:358,1
DA:365,1
DA:366,0
DA:367,0
DA:372,1
DA:376,1
LF:142
LH:123
BRDA:5,0,0,3
BRDA:5,1,0,3
BRDA:33,2,0,2
BRDA:81,3,0,4
BRDA:81,3,1,2
BRDA:95,4,0,3
BRDA:95,4,1,2
BRDA:95,5,0,5
BRDA:95,5,1,4
BRDA:101,6,0,1
BRDA:101,6,1,3
BRDA:116,7,0,3
BRDA:116,7,1,0
BRDA:179,8,0,2
BRDA:179,8,1,0
BRDA:210,9,0,1
BRDA:210,10,0,1
BRDA:223,11,0,1
BRDA:223,11,1,2
BRDA:252,12,0,5
BRDA:252,12,1,3
BRDA:303,13,0,3
BRDA:303,13,1,1
BRDA:336,14,0,0
BRDA:336,14,1,2
BRF:25
BRH:22
end_of_record
TN:
SF:models/MusicClips.js
FN:4,(anonymous_0)
FN:30,(anonymous_1)
FN:43,(anonymous_2)
FN:75,(anonymous_3)
FNF:4
FNH:4
FNDA:2,(anonymous_0)
FNDA:3,(anonymous_1)
FNDA:5,(anonymous_2)
FNDA:3,(anonymous_3)
DA:3,3
DA:5,2
DA:7,2
DA:14,2
DA:16,2
DA:17,1
DA:19,1
DA:25,1
DA:27,1
DA:31,3
DA:39,3
DA:40,2
DA:44,5
DA:46,5
DA:47,5
DA:48,5
DA:50,5
DA:51,8
DA:52,6
DA:53,6
DA:57,5
DA:58,1
DA:61,4
DA:62,4
DA:64,4
DA:71,4
DA:72,3
DA:76,3
DA:78,2
DA:79,2
DA:80,2
LF:31
LH:31
BRDA:51,0,0,6
BRDA:51,0,1,2
BRDA:51,1,0,8
BRDA:51,1,1,7
BRDA:57,2,0,1
BRDA:57,2,1,4
BRDA:72,3,0,3
BRDA:72,3,1,1
BRF:8
BRH:8
end_of_record
TN:
SF:models/Notifications.js
FN:4,buildDisplayNotification
FN:44,(anonymous_1)
FN:59,(anonymous_2)
FN:70,(anonymous_3)
FN:84,(anonymous_4)
FN:110,(anonymous_5)
FN:121,(anonymous_6)
FN:132,(anonymous_7)
FN:146,(anonymous_8)
FNF:9
FNH:9
FNDA:4,buildDisplayNotification
FNDA:2,(anonymous_1)
FNDA:2,(anonymous_2)
FNDA:2,(anonymous_3)
FNDA:6,(anonymous_4)
FNDA:2,(anonymous_5)
FNDA:2,(anonymous_6)
FNDA:3,(anonymous_7)
FNDA:2,(anonymous_8)
DA:5,4
DA:7,4
DA:8,4
DA:10,4
DA:12,2
DA:13,2
DA:14,2
DA:17,1
DA:18,1
DA:19,1
DA:22,1
DA:23,1
DA:24,1
DA:27,0
DA:28,0
DA:31,4
DA:43,3
DA:45,2
DA:55,2
DA:56,2
DA:60,2
DA:66,2
DA:67,2
DA:71,2
DA:79,2
DA:80,2
DA:81,1
DA:85,6
DA:86,6
DA:87,5
DA:89,4
DA:100,4
DA:101,4
DA:111,2
DA:117,2
DA:118,2
DA:122,2
DA:128,2
DA:129,2
DA:133,3
DA:134,3
DA:136,2
DA:142,2
DA:143,2
DA:147,2
DA:148,2
DA:149,2
LF:47
LH:45
BRDA:5,0,0,4
BRDA:5,0,1,1
BRDA:10,1,0,2
BRDA:10,1,1,1
BRDA:10,1,2,1
BRDA:10,1,3,0
BRDA:13,2,0,2
BRDA:13,2,1,0
BRDA:18,3,0,0
BRDA:18,3,1,1
BRDA:23,4,0,1
BRDA:23,4,1,0
BRDA:39,5,0,4
BRDA:39,5,1,3
BRDA:67,6,0,2
BRDA:67,6,1,0
BRDA:80,7,0,1
BRDA:80,7,1,1
BRDA:85,8,0,2
BRDA:85,9,0,2
BRDA:85,10,0,6
BRDA:85,10,1,0
BRDA:86,11,0,1
BRDA:86,11,1,5
BRDA:87,12,0,1
BRDA:87,12,1,4
BRDA:118,13,0,2
BRDA:118,13,1,1
BRDA:129,14,0,2
BRDA:129,14,1,1
BRDA:133,15,0,3
BRDA:133,15,1,2
BRDA:134,16,0,1
BRDA:134,16,1,2
BRF:34
BRH:28
end_of_record
TN:
SF:models/Profile.js
FN:35,normalizeUpdateData
FN:52,(anonymous_1)
FN:62,(anonymous_2)
FN:73,(anonymous_3)
FN:106,(anonymous_4)
FN:108,(anonymous_5)
FN:114,(anonymous_6)
FN:116,(anonymous_7)
FN:133,(anonymous_8)
FN:147,(anonymous_9)
FN:165,(anonymous_10)
FN:179,(anonymous_11)
FNF:12
FNH:12
FNDA:11,normalizeUpdateData
FNDA:2,(anonymous_1)
FNDA:2,(anonymous_2)
FNDA:3,(anonymous_3)
FNDA:11,(anonymous_4)
FNDA:9,(anonymous_5)
FNDA:9,(anonymous_6)
FNDA:9,(anonymous_7)
FNDA:5,(anonymous_8)
FNDA:2,(anonymous_9)
FNDA:2,(anonymous_10)
FNDA:3,(anonymous_11)
DA:4,4
DA:22,4
DA:36,11
DA:38,11
DA:39,1
DA:42,11
DA:43,1
DA:46,11
DA:47,11
DA:48,11
DA:51,4
DA:53,2
DA:58,2
DA:59,2
DA:63,2
DA:68,2
DA:69,2
DA:70,2
DA:75,3
DA:83,3
DA:97,3
DA:98,3
DA:99,2
DA:101,1
DA:102,1
DA:107,11
DA:108,11
DA:109,9
DA:111,11
DA:113,9
DA:114,9
DA:116,9
DA:117,9
DA:124,9
DA:125,9
DA:126,8
DA:128,1
DA:129,1
DA:134,5
DA:137,5
DA:138,5
DA:139,4
DA:141,1
DA:142,1
DA:148,2
DA:152,2
DA:161,2
DA:162,2
DA:166,2
DA:169,2
DA:171,2
DA:175,2
DA:176,2
DA:180,3
LF:54
LH:54
BRDA:35,0,0,1
BRDA:38,1,0,1
BRDA:38,1,1,10
BRDA:38,2,0,11
BRDA:38,2,1,1
BRDA:42,3,0,1
BRDA:42,3,1,10
BRDA:42,4,0,11
BRDA:42,4,1,1
BRDA:111,5,0,2
BRDA:111,5,1,9
BRDA:126,6,0,8
BRDA:126,6,1,1
BRDA:139,7,0,4
BRDA:139,7,1,1
BRDA:181,8,0,3
BRDA:181,8,1,2
BRF:17
BRH:17
end_of_record
TN:
SF:models/User.js
FN:9,(anonymous_0)
FN:14,(anonymous_1)
FN:28,(anonymous_2)
FN:63,(anonymous_3)
FN:107,(anonymous_4)
FN:124,(anonymous_5)
FN:141,(anonymous_6)
FN:158,(anonymous_7)
FN:207,(anonymous_8)
FN:222,(anonymous_9)
FN:235,(anonymous_10)
FN:254,(anonymous_11)
FN:260,(anonymous_12)
FN:271,(anonymous_13)
FNF:14
FNH:14
FNDA:18,(anonymous_0)
FNDA:3,(anonymous_1)
FNDA:4,(anonymous_2)
FNDA:3,(anonymous_3)
FNDA:2,(anonymous_4)
FNDA:1,(anonymous_5)
FNDA:2,(anonymous_6)
FNDA:3,(anonymous_7)
FNDA:2,(anonymous_8)
FNDA:2,(anonymous_9)
FNDA:1,(anonymous_10)
FNDA:2,(anonymous_11)
FNDA:2,(anonymous_12)
FNDA:2,(anonymous_13)
DA:6,3
DA:8,3
DA:10,18
DA:11,16
DA:15,3
DA:20,3
DA:21,3
DA:22,2
DA:24,1
DA:25,1
DA:29,4
DA:30,1
DA:33,3
DA:36,3
DA:38,3
DA:39,3
DA:40,3
DA:41,1
DA:44,2
DA:45,2
DA:50,2
DA:51,1
DA:54,1
DA:58,0
DA:59,0
DA:64,3
DA:65,1
DA:68,2
DA:69,1
DA:72,1
DA:74,1
DA:82,1
DA:98,1
DA:99,1
DA:100,1
DA:102,0
DA:103,0
DA:108,2
DA:115,2
DA:116,2
DA:117,2
DA:119,0
DA:120,0
DA:125,1
DA:132,1
DA:133,1
DA:134,1
DA:136,0
DA:137,0
DA:142,2
DA:149,2
DA:150,2
DA:151,2
DA:153,0
DA:154,0
DA:159,3
DA:172,3
DA:173,3
DA:174,3
DA:176,3
DA:177,4
DA:178,2
DA:179,2
DA:183,3
DA:184,1
DA:187,2
DA:188,2
DA:190,2
DA:198,2
DA:199,2
DA:200,2
DA:202,0
DA:203,0
DA:208,2
DA:213,2
DA:214,2
DA:215,2
DA:217,0
DA:218,0
DA:223,2
DA:226,2
DA:227,2
DA:228,2
DA:230,0
DA:231,0
DA:236,1
DA:242,1
DA:243,1
DA:244,1
DA:246,0
DA:250,0
DA:255,2
DA:256,2
DA:257,2
DA:261,2
DA:267,2
DA:268,2
DA:272,2
DA:278,2
DA:279,2
LF:100
LH:82
BRDA:10,0,0,2
BRDA:10,0,1,16
BRDA:29,1,0,1
BRDA:29,1,1,3
BRDA:40,2,0,1
BRDA:40,2,1,2
BRDA:50,3,0,1
BRDA:50,3,1,1
BRDA:64,4,0,1
BRDA:64,4,1,2
BRDA:68,5,0,1
BRDA:68,5,1,1
BRDA:117,6,0,2
BRDA:117,6,1,1
BRDA:151,7,0,2
BRDA:151,7,1,1
BRDA:177,8,0,2
BRDA:177,8,1,2
BRDA:177,9,0,4
BRDA:177,9,1,3
BRDA:183,10,0,1
BRDA:183,10,1,2
BRDA:200,11,0,2
BRDA:200,11,1,0
BRDA:228,12,0,2
BRDA:228,12,1,1
BRDA:244,13,0,1
BRDA:244,13,1,0
BRDA:257,14,0,2
BRDA:257,14,1,1
BRDA:279,15,0,2
BRDA:279,15,1,1
BRF:32
BRH:30
end_of_record
TN:
SF:models/index.js
FNF:0
FNH:0
DA:10,2
LF:1
LH:1
BRF:0
BRH:0
end_of_record
TN:
SF:models/media.js
FN:10,env
FN:17,makeS3Client
FN:59,extFromType
FN:72,toS3Key
FN:86,presignUpload
FN:125,presignView
FNF:6
FNH:6
FNDA:114,env
FNDA:24,makeS3Client
FNDA:16,extFromType
FNDA:13,toS3Key
FNDA:22,presignUpload
FNDA:13,presignView
DA:11,114
DA:12,114
DA:13,2
DA:14,112
DA:18,24
DA:19,24
DA:20,24
DA:22,24
DA:24,24
DA:28,24
DA:32,24
DA:35,2
DA:60,16
DA:69,16
DA:73,13
DA:74,13
DA:75,10
DA:77,2
DA:78,2
DA:79,1
DA:80,1
DA:82,1
DA:87,22
DA:88,22
DA:90,22
DA:91,22
DA:92,21
DA:93,1
DA:94,20
DA:95,2
DA:96,18
DA:98,17
DA:99,16
DA:101,16
DA:103,16
DA:105,16
DA:111,16
DA:113,14
DA:115,14
DA:117,3
DA:118,3
DA:126,13
DA:127,13
DA:128,13
DA:129,13
DA:130,4
DA:132,9
DA:133,8
DA:134,8
DA:139,8
DA:140,8
DA:144,6
DA:146,3
DA:147,3
LF:54
LH:54
BRDA:12,0,0,2
BRDA:12,0,1,112
BRDA:12,1,0,114
BRDA:12,1,1,112
BRDA:24,2,0,10
BRDA:24,2,1,14
BRDA:24,3,0,24
BRDA:24,3,1,10
BRDA:28,4,0,10
BRDA:28,4,1,14
BRDA:69,5,0,16
BRDA:69,5,1,0
BRDA:72,6,0,2
BRDA:73,7,0,13
BRDA:73,7,1,3
BRDA:74,8,0,3
BRDA:74,8,1,10
BRDA:75,9,0,8
BRDA:75,9,1,2
BRDA:75,10,0,10
BRDA:75,10,1,10
BRDA:79,11,0,1
BRDA:79,11,1,0
BRDA:91,12,0,1
BRDA:91,12,1,21
BRDA:92,13,0,1
BRDA:92,13,1,20
BRDA:94,14,0,2
BRDA:94,14,1,18
BRDA:96,15,0,1
BRDA:96,15,1,17
BRDA:120,16,0,3
BRDA:120,16,1,1
BRDA:127,17,0,13
BRDA:127,17,1,1
BRDA:128,18,0,13
BRDA:128,18,1,5
BRDA:129,19,0,4
BRDA:129,19,1,9
BRDA:139,20,0,3
BRDA:139,20,1,5
BRDA:149,21,0,3
BRDA:149,21,1,1
BRF:43
BRH:41
end_of_record
