TN:
SF:models/Interactions.js
FN:5,(anonymous_0)
FN:51,(anonymous_1)
FN:76,(anonymous_2)
FN:101,(anonymous_3)
FN:130,(anonymous_4)
FNF:5
FNH:5
FNDA:3,(anonymous_0)
FNDA:3,(anonymous_1)
FNDA:3,(anonymous_2)
FNDA:7,(anonymous_3)
FNDA:4,(anonymous_4)
DA:4,2
DA:6,3
DA:16,3
DA:17,3
DA:18,3
DA:19,2
DA:34,2
DA:35,2
DA:37,2
DA:46,1
DA:47,1
DA:52,3
DA:62,3
DA:63,3
DA:64,3
DA:65,2
DA:71,1
DA:72,1
DA:77,3
DA:87,3
DA:88,3
DA:89,3
DA:90,2
DA:96,1
DA:97,1
DA:102,7
DA:113,7
DA:114,7
DA:119,6
DA:125,1
DA:126,1
DA:131,4
DA:161,4
DA:162,4
DA:163,3
DA:165,1
DA:166,1
LF:37
LH:37
BRDA:40,0,0,0
BRDA:40,0,1,2
BRDA:122,1,0,6
BRDA:122,1,1,2
BRF:4
BRH:3
end_of_record
TN:
SF:models/Profile.js
FN:35,normalizeUpdateData
FN:52,(anonymous_1)
FN:62,(anonymous_2)
FN:73,(anonymous_3)
FN:106,(anonymous_4)
FN:108,(anonymous_5)
FN:114,(anonymous_6)
FN:116,(anonymous_7)
FN:133,(anonymous_8)
FN:147,(anonymous_9)
FN:165,(anonymous_10)
FN:179,(anonymous_11)
FNF:12
FNH:9
FNDA:3,normalizeUpdateData
FNDA:2,(anonymous_1)
FNDA:2,(anonymous_2)
FNDA:2,(anonymous_3)
FNDA:3,(anonymous_4)
FNDA:2,(anonymous_5)
FNDA:2,(anonymous_6)
FNDA:2,(anonymous_7)
FNDA:1,(anonymous_8)
FNDA:0,(anonymous_9)
FNDA:0,(anonymous_10)
FNDA:0,(anonymous_11)
DA:4,2
DA:22,2
DA:36,3
DA:38,3
DA:39,0
DA:42,3
DA:43,0
DA:46,3
DA:47,3
DA:48,3
DA:51,2
DA:53,2
DA:58,2
DA:59,2
DA:63,2
DA:68,2
DA:69,2
DA:70,2
DA:75,2
DA:83,2
DA:97,2
DA:98,2
DA:99,2
DA:101,0
DA:102,0
DA:107,3
DA:108,3
DA:109,2
DA:111,3
DA:113,2
DA:114,2
DA:116,2
DA:117,2
DA:124,2
DA:125,2
DA:126,2
DA:128,0
DA:129,0
DA:134,1
DA:137,1
DA:138,1
DA:139,1
DA:141,0
DA:142,0
DA:148,0
DA:152,0
DA:161,0
DA:162,0
DA:166,0
DA:169,0
DA:171,0
DA:175,0
DA:176,0
DA:180,0
LF:54
LH:36
BRDA:35,0,0,0
BRDA:38,1,0,0
BRDA:38,1,1,3
BRDA:38,2,0,3
BRDA:38,2,1,0
BRDA:42,3,0,0
BRDA:42,3,1,3
BRDA:42,4,0,3
BRDA:42,4,1,0
BRDA:111,5,0,1
BRDA:111,5,1,2
BRDA:126,6,0,2
BRDA:126,6,1,0
BRDA:139,7,0,1
BRDA:139,7,1,0
BRDA:181,8,0,0
BRDA:181,8,1,0
BRF:17
BRH:8
end_of_record
TN:
SF:models/media.js
FN:10,env
FN:17,makeS3Client
FN:59,extFromType
FN:72,toS3Key
FN:86,presignUpload
FN:125,presignView
FNF:6
FNH:6
FNDA:90,env
FNDA:19,makeS3Client
FNDA:12,extFromType
FNDA:10,toS3Key
FNDA:18,presignUpload
FNDA:10,presignView
DA:11,90
DA:12,90
DA:13,2
DA:14,88
DA:18,19
DA:19,19
DA:20,19
DA:22,19
DA:24,19
DA:28,19
DA:32,19
DA:35,1
DA:60,12
DA:69,12
DA:73,10
DA:74,10
DA:75,8
DA:77,1
DA:78,1
DA:79,1
DA:80,1
DA:82,0
DA:87,18
DA:88,18
DA:90,18
DA:91,18
DA:92,17
DA:93,1
DA:94,16
DA:95,2
DA:96,14
DA:98,13
DA:99,12
DA:101,12
DA:103,12
DA:105,12
DA:111,12
DA:113,11
DA:115,11
DA:117,2
DA:118,2
DA:126,10
DA:127,10
DA:128,10
DA:129,10
DA:130,2
DA:132,8
DA:133,7
DA:134,7
DA:139,7
DA:140,7
DA:144,6
DA:146,2
DA:147,2
LF:54
LH:53
BRDA:12,0,0,2
BRDA:12,0,1,88
BRDA:12,1,0,90
BRDA:12,1,1,88
BRDA:24,2,0,0
BRDA:24,2,1,19
BRDA:24,3,0,19
BRDA:24,3,1,0
BRDA:28,4,0,0
BRDA:28,4,1,19
BRDA:69,5,0,12
BRDA:69,5,1,0
BRDA:72,6,0,1
BRDA:73,7,0,10
BRDA:73,7,1,2
BRDA:74,8,0,2
BRDA:74,8,1,8
BRDA:75,9,0,7
BRDA:75,9,1,1
BRDA:75,10,0,8
BRDA:75,10,1,8
BRDA:79,11,0,1
BRDA:79,11,1,0
BRDA:91,12,0,1
BRDA:91,12,1,17
BRDA:92,13,0,1
BRDA:92,13,1,16
BRDA:94,14,0,2
BRDA:94,14,1,14
BRDA:96,15,0,1
BRDA:96,15,1,13
BRDA:120,16,0,2
BRDA:120,16,1,0
BRDA:127,17,0,10
BRDA:127,17,1,0
BRDA:128,18,0,10
BRDA:128,18,1,3
BRDA:129,19,0,2
BRDA:129,19,1,8
BRDA:139,20,0,3
BRDA:139,20,1,4
BRDA:149,21,0,2
BRDA:149,21,1,0
BRF:43
BRH:35
end_of_record
